-------------------------------------------------------------------------------
>Log Session: Sunday, May 13, 2018 3:19:20 PM CST
>System Info: 
  Product Version         = NetBeans IDE 8.2 (Build 201609300101) (#5fd841261bf9)
  Operating System        = Linux version 4.10.0-38-generic running on amd64
  Java; VM; Vendor        = 1.8.0_152; Java HotSpot(TM) 64-Bit Server VM 25.152-b16; Oracle Corporation
  Runtime                 = Java(TM) SE Runtime Environment 1.8.0_152-b16
  Java Home               = /home/n40-disk/tool/jdk1.8.0_152/jre
  System Locale; Encoding = zh_CN (nb); UTF-8
  Home Directory          = /home/suhen
  Current Directory       = /home/suhen
  User Directory          = /home/n40-disk/.netbeans/8.2
  Cache Directory         = /home/n40-disk/.cache/netbeans/8.2
  Installation            = /home/n40-disk/opt/netbeans-8.2/nb
                            /home/n40-disk/opt/netbeans-8.2/ergonomics
                            /home/n40-disk/opt/netbeans-8.2/ide
                            /home/n40-disk/opt/netbeans-8.2/extide
                            /home/n40-disk/opt/netbeans-8.2/java
                            /home/n40-disk/opt/netbeans-8.2/apisupport
                            /home/n40-disk/opt/netbeans-8.2/webcommon
                            /home/n40-disk/opt/netbeans-8.2/websvccommon
                            /home/n40-disk/opt/netbeans-8.2/enterprise
                            /home/n40-disk/opt/netbeans-8.2/mobility
                            /home/n40-disk/opt/netbeans-8.2/profiler
                            /home/n40-disk/opt/netbeans-8.2/php
                            /home/n40-disk/opt/netbeans-8.2/harness
                            /home/n40-disk/opt/netbeans-8.2/cnd
                            /home/n40-disk/opt/netbeans-8.2/cndext
                            /home/n40-disk/opt/netbeans-8.2/dlight
                            /home/n40-disk/opt/netbeans-8.2/groovy
                            /home/n40-disk/opt/netbeans-8.2/javafx
                            /home/n40-disk/opt/netbeans-8.2/platform
  Boot & Ext. Classpath   = /home/n40-disk/tool/jdk1.8.0_152/jre/lib/resources.jar:/home/n40-disk/tool/jdk1.8.0_152/jre/lib/rt.jar:/home/n40-disk/tool/jdk1.8.0_152/jre/lib/sunrsasign.jar:/home/n40-disk/tool/jdk1.8.0_152/jre/lib/jsse.jar:/home/n40-disk/tool/jdk1.8.0_152/jre/lib/jce.jar:/home/n40-disk/tool/jdk1.8.0_152/jre/lib/charsets.jar:/home/n40-disk/tool/jdk1.8.0_152/jre/lib/jfr.jar:/home/n40-disk/tool/jdk1.8.0_152/jre/classes:/home/n40-disk/tool/jdk1.8.0_152/jre/lib/ext/nashorn.jar:/home/n40-disk/tool/jdk1.8.0_152/jre/lib/ext/zipfs.jar:/home/n40-disk/tool/jdk1.8.0_152/jre/lib/ext/localedata.jar:/home/n40-disk/tool/jdk1.8.0_152/jre/lib/ext/dnsns.jar:/home/n40-disk/tool/jdk1.8.0_152/jre/lib/ext/jfxrt.jar:/home/n40-disk/tool/jdk1.8.0_152/jre/lib/ext/cldrdata.jar:/home/n40-disk/tool/jdk1.8.0_152/jre/lib/ext/sunec.jar:/home/n40-disk/tool/jdk1.8.0_152/jre/lib/ext/jaccess.jar:/home/n40-disk/tool/jdk1.8.0_152/jre/lib/ext/sunjce_provider.jar:/home/n40-disk/tool/jdk1.8.0_152/jre/lib/ext/sunpkcs11.jar
  Application Classpath   = /home/n40-disk/opt/netbeans-8.2/platform/lib/boot.jar:/home/n40-disk/opt/netbeans-8.2/platform/lib/org-openide-modules.jar:/home/n40-disk/opt/netbeans-8.2/platform/lib/org-openide-util.jar:/home/n40-disk/opt/netbeans-8.2/platform/lib/org-openide-util-lookup.jar:/home/n40-disk/opt/netbeans-8.2/platform/lib/org-openide-util-ui.jar:/home/n40-disk/opt/netbeans-8.2/platform/lib/locale/boot_ja.jar:/home/n40-disk/opt/netbeans-8.2/platform/lib/locale/boot_pt_BR.jar:/home/n40-disk/opt/netbeans-8.2/platform/lib/locale/boot_ru.jar:/home/n40-disk/opt/netbeans-8.2/platform/lib/locale/boot_zh_CN.jar:/home/n40-disk/opt/netbeans-8.2/platform/lib/locale/org-openide-modules_ja.jar:/home/n40-disk/opt/netbeans-8.2/platform/lib/locale/org-openide-modules_pt_BR.jar:/home/n40-disk/opt/netbeans-8.2/platform/lib/locale/org-openide-modules_ru.jar:/home/n40-disk/opt/netbeans-8.2/platform/lib/locale/org-openide-modules_zh_CN.jar:/home/n40-disk/opt/netbeans-8.2/platform/lib/locale/org-openide-util_ja.jar:/home/n40-disk/opt/netbeans-8.2/platform/lib/locale/org-openide-util-lookup_ja.jar:/home/n40-disk/opt/netbeans-8.2/platform/lib/locale/org-openide-util-lookup_pt_BR.jar:/home/n40-disk/opt/netbeans-8.2/platform/lib/locale/org-openide-util-lookup_ru.jar:/home/n40-disk/opt/netbeans-8.2/platform/lib/locale/org-openide-util-lookup_zh_CN.jar:/home/n40-disk/opt/netbeans-8.2/platform/lib/locale/org-openide-util_pt_BR.jar:/home/n40-disk/opt/netbeans-8.2/platform/lib/locale/org-openide-util_ru.jar:/home/n40-disk/opt/netbeans-8.2/platform/lib/locale/org-openide-util-ui_ja.jar:/home/n40-disk/opt/netbeans-8.2/platform/lib/locale/org-openide-util-ui_pt_BR.jar:/home/n40-disk/opt/netbeans-8.2/platform/lib/locale/org-openide-util-ui_ru.jar:/home/n40-disk/opt/netbeans-8.2/platform/lib/locale/org-openide-util-ui_zh_CN.jar:/home/n40-disk/opt/netbeans-8.2/platform/lib/locale/org-openide-util_zh_CN.jar:/home/n40-disk/tool/jdk1.8.0_152/lib/dt.jar:/home/n40-disk/tool/jdk1.8.0_152/lib/tools.jar
  Startup Classpath       = /home/n40-disk/opt/netbeans-8.2/platform/core/core.jar:/home/n40-disk/opt/netbeans-8.2/platform/core/asm-all-5.0.1.jar:/home/n40-disk/opt/netbeans-8.2/platform/core/org-openide-filesystems.jar:/home/n40-disk/opt/netbeans-8.2/platform/core/org-netbeans-libs-asm.jar:/home/n40-disk/opt/netbeans-8.2/platform/core/core-base.jar:/home/n40-disk/opt/netbeans-8.2/platform/core/org-openide-filesystems-compat8.jar:/home/n40-disk/opt/netbeans-8.2/platform/core/locale/org-openide-filesystems-compat8_zh_CN.jar:/home/n40-disk/opt/netbeans-8.2/platform/core/locale/org-openide-filesystems-compat8_ja.jar:/home/n40-disk/opt/netbeans-8.2/platform/core/locale/org-openide-filesystems_zh_CN.jar:/home/n40-disk/opt/netbeans-8.2/platform/core/locale/org-netbeans-libs-asm_pt_BR.jar:/home/n40-disk/opt/netbeans-8.2/platform/core/locale/core_pt_BR.jar:/home/n40-disk/opt/netbeans-8.2/platform/core/locale/core_ja.jar:/home/n40-disk/opt/netbeans-8.2/platform/core/locale/core_zh_CN.jar:/home/n40-disk/opt/netbeans-8.2/platform/core/locale/core-base_ja.jar:/home/n40-disk/opt/netbeans-8.2/platform/core/locale/org-openide-filesystems_ru.jar:/home/n40-disk/opt/netbeans-8.2/platform/core/locale/org-netbeans-libs-asm_ru.jar:/home/n40-disk/opt/netbeans-8.2/platform/core/locale/org-openide-filesystems-compat8_ru.jar:/home/n40-disk/opt/netbeans-8.2/platform/core/locale/core-base_ru.jar:/home/n40-disk/opt/netbeans-8.2/platform/core/locale/org-openide-filesystems-compat8_pt_BR.jar:/home/n40-disk/opt/netbeans-8.2/platform/core/locale/org-netbeans-libs-asm_ja.jar:/home/n40-disk/opt/netbeans-8.2/platform/core/locale/core-base_zh_CN.jar:/home/n40-disk/opt/netbeans-8.2/platform/core/locale/core-base_pt_BR.jar:/home/n40-disk/opt/netbeans-8.2/platform/core/locale/org-openide-filesystems_ja.jar:/home/n40-disk/opt/netbeans-8.2/platform/core/locale/org-openide-filesystems_pt_BR.jar:/home/n40-disk/opt/netbeans-8.2/platform/core/locale/core_ru.jar:/home/n40-disk/opt/netbeans-8.2/platform/core/locale/org-netbeans-libs-asm_zh_CN.jar:/home/n40-disk/opt/netbeans-8.2/nb/core/org-netbeans-upgrader.jar:/home/n40-disk/opt/netbeans-8.2/nb/core/locale/org-netbeans-upgrader_ja.jar:/home/n40-disk/opt/netbeans-8.2/nb/core/locale/core_nb_zh_CN.jar:/home/n40-disk/opt/netbeans-8.2/nb/core/locale/core_nb_ru.jar:/home/n40-disk/opt/netbeans-8.2/nb/core/locale/core_nb_ja.jar:/home/n40-disk/opt/netbeans-8.2/nb/core/locale/core_nb.jar:/home/n40-disk/opt/netbeans-8.2/nb/core/locale/org-netbeans-upgrader_pt_BR.jar:/home/n40-disk/opt/netbeans-8.2/nb/core/locale/org-netbeans-upgrader_ru.jar:/home/n40-disk/opt/netbeans-8.2/nb/core/locale/core_nb_pt_BR.jar:/home/n40-disk/opt/netbeans-8.2/nb/core/locale/org-netbeans-upgrader_zh_CN.jar
-------------------------------------------------------------------------------
INFO [org.netbeans.modules.netbinox]: Install area set to file:/home/n40-disk/opt/netbeans-8.2/
WARNING [org.netbeans.core.modules]: the modules [org.netbeans.modules.form.nb] use org.jdesktop.layout which is deprecated: 改用 javax.swing.GroupLayout。(在窗体编辑器的“检查器”中, 选择“窗体...”; 将“布局生成样式”更改为“标准 Java 6 代码”。)
WARNING [org.netbeans.core.modules]: the modules [org.netbeans.modules.java.editor.lib, org.netbeans.modules.web.core.syntax, org.netbeans.modules.xml.text] use org.netbeans.modules.editor.deprecated.pre65formatting which is deprecated.
WARNING [org.netbeans.core.modules]: the modules [org.netbeans.modules.ide.kit, org.netbeans.modules.xml.text] use org.netbeans.modules.editor.structure which is deprecated.
WARNING [org.netbeans.core.modules]: the modules [org.netbeans.modules.apisupport.ant, org.netbeans.modules.java.hints, org.netbeans.modules.maven.hints, org.netbeans.modules.maven.j2ee, org.netbeans.modules.web.beans] use org.netbeans.modules.java.hints.legacy.spi which is deprecated: 改用 Java 提示 SPI (org.netbeans.spi.java.hints)。
INFO [org.netbeans.modules.cnd.apt.debug.APTTraceFlags]: C/C++ code model: using old [ CND ] preprocessor
INFO [org.netbeans.core.startup.NbEvents]: 开启模块:
	org.openide.util.lookup [8.33.1 201609300101]
	org.openide.util [9.7.1 201609300101]
	org.openide.util.ui [9.6.1 201609300101]
	org.openide.modules [7.48.1 201609300101]
	org.netbeans.api.annotations.common/1 [1.27.1 201609300101]
	org.openide.filesystems [9.10.2 201705191307]
	org.openide.awt [7.67.1 201609300101]
	org.netbeans.api.progress/1 [1.47.1 201609300101]
	org.netbeans.api.progress.nb [1.47.1 201609300101]
	org.openide.dialogs [7.42.1 201609300101]
	org.openide.nodes [7.45.1 201609300101]
	org.openide.windows [6.75.1 201609300101]
	org.netbeans.modules.editor.mimelookup/1 [1.40.1 201609300101]
	org.openide.text [6.67.1 201609300101]
	org.netbeans.swing.tabcontrol [1.56.1 201609300101]
	org.netbeans.swing.outline [1.34.1 201609300101]
	org.openide.explorer [6.62.1 201609300101]
	org.openide.actions [6.39.1 201609300101]
	org.netbeans.modules.queries/1 [1.43.1 201609300101]
	org.netbeans.api.templates [1.7.1 201609300101]
	org.openide.filesystems.nb [9.9.2 201612141242]
	org.openide.loaders [7.66.1 201609300101]
	org.netbeans.api.intent [1.2.1 201609300101]
	org.netbeans.api.io [1.3.1 201609300101]
	org.openide.io [1.49.1 201609300101]
	org.openide.filesystems.compat8 [9.9.1 201609300101]
	org.openide.execution [9.3.1 201609300101]
	org.netbeans.upgrader [4.35.1 201609300101]
	org.netbeans.swing.plaf [1.41.1 201609300101]
	org.netbeans.modules.projectapi/1 [1.66.1 201609300101]
	org.netbeans.swing.dirchooser [1.29.1 201609300101]
	org.netbeans.spi.viewmodel/2 [1.51.1 201609300101]
	org.netbeans.spi.tasklist/1 [1.35.1.1 1 201609300101]
	org.netbeans.spi.quicksearch [1.27.1 201609300101]
	org.netbeans.spi.palette/1 [1.46.1 201609300101]
	org.netbeans.spi.navigator/1 [1.37.1 201609300101]
	org.netbeans.modules.editor.util/1 [1.64.1 201609300101]
	org.netbeans.modules.editor.settings.lib [1.51.1.1 1 201609300101]
	org.netbeans.modules.editor.settings/1 [1.56.1 201609300101]
	org.netbeans.modules.lexer/2 [1.63.1.1 1 201609300101]
	org.netbeans.modules.editor.fold/1 [1.45.1 201609300101]
	org.netbeans.modules.editor.document [1.9.1.3 3 201609300101]
	org.netbeans.modules.editor.lib2/1 [2.16.3.56.3 56 201705191307]
	org.netbeans.modules.editor.guards/1 [1.33.1 201609300101]
	org.netbeans.modules.editor.indent/2 [1.43.1 201609300101]
	org.netbeans.modules.editor.lib/3 [4.7.2.24.3.56 24 201705191307]
	org.netbeans.modules.keyring [1.24.1 201609300101]
	org.netbeans.libs.asm [5.3.1 201609300101]
	org.netbeans.bootstrap/1 [2.76.1 201609300101]
	org.netbeans.core.startup.base [1.62.1.1 1 201609300101]
	org.netbeans.core.startup/1 [1.62.1.1 201609300101]
	org.netbeans.modules.sampler [1.14.1 201609300101]
	org.netbeans.core/2 [3.51.1 201609300101]
	org.netbeans.modules.options.api/1 [1.45.1 201609300101]
	org.netbeans.modules.options.keymap [1.37.1 201609300101]
	org.netbeans.modules.editor.settings.storage/1 [1.51.1.1 201609300101]
	org.netbeans.modules.editor.fold.nbui [1.12.1.56 201705191307]
	org.netbeans.modules.editor/3 [1.87.1.6.3.24.56 6 201705191307]
	org.netbeans.libs.javacapi [8.15.1.3 3 201609300101]
	org.netbeans.libs.javacimpl/1 [0.43.2.25 25 201612141242]
	org.netbeans.lib.nbjavac [1.16.1.2.25 2 201609300101]
	org.netbeans.modules.editor.errorstripe.api/1 [2.32.1.1 1 201609300101]
	org.netbeans.api.java.classpath/1 [1.52.1 201609300101]
	org.netbeans.api.java/1 [1.60.1 201609300101]
	org.netbeans.modules.java.platform/1 [1.41.1 201609300101]
	org.netbeans.modules.options.editor/1 [1.58.1 201609300101]
	org.netbeans.modules.editor.errorstripe/2 [2.34.1.1.1 1 201609300101]
	org.netbeans.modules.diff/1 [1.51.1.42.1 42 201609300101]
	org.netbeans.libs.lucene/3 [3.19.1 201609300101]
	org.netbeans.modules.masterfs/2 [2.55.1.2 2 201609300101]
	org.netbeans.modules.parsing.lucene/2 [2.35.1.1 1 201609300101]
	org.netbeans.modules.parsing.api/1 [9.6.1.8 8 201609300101]
	org.netbeans.modules.projectuiapi.base/1 [1.85.1.9 9 201609300101]
	org.netbeans.modules.project.indexingbridge [1.17.1 201609300101]
	org.netbeans.modules.parsing.indexing [9.8.1.1.3.8 1 201609300101]
	org.netbeans.modules.refactoring.api [1.47.1.1 1 201609300101]
	org.netbeans.modules.classfile/1 [1.49.1 201609300101]
	org.netbeans.modules.editor.indent.support [1.42.1 201609300101]
	org.netbeans.modules.projectuiapi/1 [1.88.1.8 8 201609300101]
	org.netbeans.modules.editor.indent.project/0 [1.22.1 201609300101]
	org.netbeans.core.multiview/1 [1.44.1 201609300101]
	org.netbeans.modules.java.lexer/1 [1.32.1 201609300101]
	org.netbeans.modules.java.preprocessorbridge [1.42.1.1 1 201609300101]
	org.netbeans.modules.java.source.base [2.20.1.2.2.25.8.1 2 201609300101]
	org.netbeans.modules.java.source [0.158.1.32.2.25.2.1 32 201609300101]
	org.netbeans.modules.project.spi.intern [1.3.1 201609300101]
	org.netbeans.modules.project.libraries/1 [1.53.1 201609300101]
	org.apache.xml.resolver [1.31.1.12 12 201609300101]
	org.netbeans.api.xml/1 [1.44.1 201609300101]
	org.netbeans.modules.xml.catalog/2 [3.3.1.4 4 201609300101]
	org.netbeans.modules.project.ant/1 [1.66.1 201609300101]
	org.netbeans.modules.java.project/1 [1.66.1 201609300101]
	org.netbeans.modules.settings/1 [1.49.1 201609300101]
	org.netbeans.spi.editor.hints/0 [1.40.1.7.56 7 201705191307]
	org.netbeans.modules.autoupdate.services [1.52.1 201609300101]
	org.netbeans.modules.autoupdate.ui [1.45.1 201609300101]
	org.netbeans.core.windows/2 [2.81.1 201609300101]
	org.netbeans.modules.code.analysis/0 [1.26.1 201609300101]
	org.netbeans.spi.java.hints [1.29.1.13.2.25.32.2.8 13 201609300101]
	org.netbeans.modules.editor.tools.storage [1.8.1 201609300101]
	org.netbeans.spi.editor.hints.projects [1.11.1.1.7 1 201609300101]
	org.netbeans.api.debugger/1 [1.54.1 201609300101]
	org.netbeans.spi.debugger.ui/1 [2.54.1 201609300101]
	org.netbeans.api.debugger.jpda/2 [3.5.1 201609300101]
	org.netbeans.spi.debugger.jpda.ui [3.3.1 201609300101]
	org.netbeans.modules.xml.core/2 [1.43.1.4 4 201609300101]
	org.netbeans.modules.xml.xam/1 [1.32.1.1 1 201609300101]
	org.netbeans.api.xml.ui/1 [1.44.1 201609300101]
	org.netbeans.modules.xml.retriever/1 [1.31.1 201609300101]
	org.netbeans.modules.xml.schema.model/1 [1.32.1.1 1 201609300101]
	org.netbeans.modules.xml.axi [1.31.1 201609300101]
	org.netbeans.modules.editor.breadcrumbs/0 [1.17.1 201609300101]
	org.netbeans.modules.editor.bracesmatching/0 [1.39.1.56 201705191307]
	org.netbeans.modules.editor.deprecated.pre65formatting/0 [1.31.1.1.6.24.56 1 201705191307]
	org.netbeans.modules.editor.completion/1 [1.44.1.2 2 201609300101]
	org.netbeans.modules.editor.codetemplates/1 [1.43.1.1 1 201609300101]
	org.netbeans.modules.editor.actions/1 [1.31.1.56 201705191307]
	org.netbeans.modules.csl.types/1 [1.0.1 201609300101]
	org.netbeans.core.ui/1 [1.45.1 201609300101]
	org.netbeans.api.search [1.21.1 201609300101]
	org.netbeans.modules.jumpto/1 [1.53.2.1 1 201609300101]
	org.netbeans.modules.csl.api/2 [2.54.1.2.1.1.8.1 2 201609300101]
	org.netbeans.modules.editor.structure/1 [1.47.1.1 1 201609300101]
	org.netbeans.modules.xml.lexer [1.29.1 201609300101]
	org.netbeans.modules.xml.text/2 [1.53.1 201609300101]
	org.netbeans.modules.xml [1.31.1 201609300101]
	org.netbeans.modules.servletapi/1 [1.39.1 201609300101]
	org.netbeans.modules.httpserver/2 [2.36.1.42 42 201609300101]
	org.netbeans.modules.xsl/1 [1.43.1 201609300101]
	org.netbeans.modules.xml.xdm/1 [1.34.1.1 1 201609300101]
	org.netbeans.modules.xml.wsdl.model/1 [1.33.1.1 1 201609300101]
	org.netbeans.libs.xerces/1 [1.38.1.281 281 201609300101]
	org.netbeans.modules.xml.tax/2 [1.44.1.281 201609300101]
	org.netbeans.modules.xml.tools/2 [1.43.1 201609300101]
	org.netbeans.modules.xml.tools.java [1.29.1 201609300101]
	org.netbeans.modules.xml.schema.completion [1.30.1 201609300101]
	org.netbeans.modules.xml.multiview/1 [1.38.1.2 2 201609300101]
	org.netbeans.modules.xml.jaxb.api/1 [1.26.1 201609300101]
	org.netbeans.modules.options.java [1.14.1 201609300101]
	org.apache.tools.ant.module/3 [3.81.1.2 2 201609300101]
	org.netbeans.modules.xml.jaxb/1 [1.30.1 201609300101]
	org.netbeans.modules.xml.catalog.ui [2.3.1.4 201609300101]
	org.netbeans.modules.whitelist [1.23.1 201609300101]
	org.netbeans.core.execution/1 [1.41.1 201609300101]
	org.netbeans.modules.sendopts/2 [2.35.1 201609300101]
	org.netbeans.modules.favorites/1 [1.46.1 201609300101]
	org.netbeans.modules.projectui [1.58.1.8.9 201609300101]
	org.netbeans.modules.welcome/1 [1.42.1 201609300101]
	org.netbeans.modules.websvc.wsstackapi/0 [1.26.1 201609300101]
	org.netbeans.modules.websvc.wsitmodelext [3.30.1 201609300101]
	org.netbeans.modules.project.libraries.ui/1 [1.52.1 201609300101]
	org.netbeans.modules.project.ant.ui/1 [1.65.1 201609300101]
	org.netbeans.modules.java.platform.ui/1 [1.41.1 201609300101]
	org.netbeans.modules.java.project.ui/1 [1.69.1 201609300101]
	org.netbeans.modules.j2ee.metadata/0 [1.32.1 201609300101]
	org.netbeans.modules.j2ee.metadata.model.support/1 [1.31.1 201609300101]
	org.netbeans.modules.schema2beans/1 [1.47.1 201609300101]
	org.netbeans.modules.j2ee.dd/1 [1.43.1.2 2 201609300101]
	org.netbeans.modules.j2ee.core/0 [1.27.1 201609300101]
	org.netbeans.api.web.webmodule [1.41.1 201609300101]
	org.netbeans.modules.j2ee.dd.webservice [1.34.1 201609300101]
	org.netbeans.modules.websvc.jaxws.lightapi [1.25.1 201609300101]
	org.netbeans.modules.websvc.jaxwsmodelapi/1 [1.27.1 201609300101]
	org.netbeans.libs.jaxb/1 [1.31.1 201609300101]
	org.netbeans.modules.websvc.jaxws21api/1 [1.32.1 201609300101]
	org.netbeans.modules.websvc.jaxws21/1 [1.32.1 201609300101]
	org.netbeans.modules.websvc.jaxwsmodel/1 [1.33.1 201609300101]
	org.netbeans.modules.java.sourceui/1 [1.43.1.1.25.32.2 1 201609300101]
	org.netbeans.modules.j2ee.core.utilities/0 [1.33.1 201609300101]
	org.netbeans.modules.properties/1 [1.55.1 201609300101]
	org.netbeans.modules.i18n/1 [1.53.1 201609300101]
	org.netbeans.modules.websvc.utilities/0 [1.28.1 201609300101]
	org.netbeans.modules.j2eeapis/1 [1.35.1 201609300101]
	org.netbeans.core.ide/1 [1.41.1 201609300101]
	org.netbeans.modules.server/0 [1.33.1 201609300101]
	org.netbeans.modules.j2eeserver/4 [1.114.1.1 1 201609300101]
	org.netbeans.modules.websvc.jaxwsapi [1.29.1 201609300101]
	org.netbeans.modules.websvc.websvcapi [1.34.1 201609300101]
	org.netbeans.modules.websvc.saas.api [1.31.1 201609300101]
	org.netbeans.modules.websvc.saas.codegen [1.30.1 201609300101]
	org.netbeans.modules.websvc.saas.codegen.java [1.30.1 201609300101]
	org.netbeans.modules.java.editor.lib/1 [1.38.1 201609300101]
	org.netbeans.modules.db.metadata.model/1 [1.11.1 201609300101]
	org.netbeans.modules.javahelp/1 [2.41.1 201609300101]
	org.netbeans.modules.db/1 [1.66.1.30 30 201609300101]
	org.netbeans.modules.dbapi [1.34.1.30 201609300101]
	org.netbeans.modules.dbschema/1 [1.41.1.4.30 4 201609300101]
	org.netbeans.modules.j2ee.persistenceapi/1 [1.34.1.1 1 201609300101]
	org.netbeans.modules.javaee.injection [1.6.1 201609300101]
	org.netbeans.modules.java.completion [1.6.1.1 1 201609300101]
	org.netbeans.modules.java.editor.base [2.65.1.1 1 201609300101]
	org.netbeans.modules.extexecution.base/2 [1.4.1 201609300101]
	org.netbeans.modules.extexecution/2 [1.48.1 201609300101]
	org.netbeans.modules.gsf.testrunner/2 [2.9.1 201609300101]
	org.netbeans.modules.gsf.testrunner.ui [1.10.1 201609300101]
	org.netbeans.modules.gototest/1 [1.33.1 201609300101]
	org.netbeans.modules.refactoring.java/1 [1.59.1.1.25 1 201609300101]
	org.netbeans.modules.java.editor/1 [2.67.2.12.1.1.1 12 201705251938]
	org.netbeans.modules.j2ee.eclipselink/1 [1.32.1 201609300101]
	org.netbeans.modules.j2ee.persistence [1.51.1.1 1 201609300101]
	org.netbeans.libs.antlr3.runtime [1.21.1.1 1 201609300101]
	org.netbeans.modules.java.api.common/0 [1.82.1 201609300101]
	org.netbeans.libs.json_simple/1 [0.12.1 201609300101]
	org.netbeans.modules.web.common [1.98.2 201612141242]
	org.netbeans.modules.j2ee.api.ejbmodule [1.40.1 201609300101]
	org.netbeans.modules.javaee.specs.support/0 [1.28.1 201609300101]
	org.netbeans.modules.extbrowser/1 [1.53.1 201609300101]
	org.netbeans.modules.web.browser.api [1.45.1 201609300101]
	org.netbeans.modules.j2ee.common/1 [1.105.1 201609300101]
	org.netbeans.modules.websvc.clientapi [1.35.1 201609300101]
	org.netbeans.modules.websvc.restapi/0 [1.39.1 201609300101]
	org.netbeans.modules.websvc.projectapi/0 [1.25.1 201609300101]
	org.netbeans.modules.websvc.core [1.47.1.1.4 1 201609300101]
	org.netbeans.api.visual [2.47.1 201609300101]
	org.netbeans.modules.websvc.design [1.28.1 201609300101]
	org.netbeans.modules.ant.browsetask [1.40.1 201609300101]
	org.netbeans.modules.javaee.project [1.21.1 201609300101]
	org.netbeans.modules.web.common.ui [1.1.1 201609300101]
	org.netbeans.modules.css.lib/1 [1.82.1 201609300101]
	org.netbeans.modules.html.lexer/1 [1.38.1 201609300101]
	org.netbeans.modules.html.editor.lib/3 [3.32.1 201609300101]
	org.netbeans.modules.web.indent [1.20.1 201609300101]
	org.netbeans.modules.css.model [1.31.1 201609300101]
	org.netbeans.modules.css.editor/1 [1.68.1 201609300101]
	org.netbeans.modules.html/1 [1.61.1 201609300101]
	org.netbeans.modules.html.editor/2 [2.55.1 201609300101]
	org.netbeans.modules.gsf.codecoverage [1.32.1 201609300101]
	org.netbeans.modules.web.clientproject.api [1.105.1 201609300101]
	org.netbeans.libs.junit4 [1.17.1 201609300101]
	org.netbeans.modules.junitlib [1.4.1 201609300101]
	org.netbeans.modules.java.testrunner [1.19.1 201609300101]
	org.netbeans.modules.junit/2 [2.72.1 201609300101]
	org.netbeans.modules.terminal [1.27.3 201705191307]
	org.netbeans.core.output2/1 [1.41.1 201609300101]
	org.netbeans.modules.servletjspapi/1 [1.33.1.25 25 201609300101]
	org.netbeans.libs.glassfish_logging/1 [1.28.1.20 20 201609300101]
	org.netbeans.modules.web.jspparser/3 [3.32.1 201609300101]
	org.netbeans.modules.web.project [1.77.1.1 1 201609300101]
	org.netbeans.modules.websvc.wsitconf [3.34.1 201609300101]
	org.netbeans.modules.websvc.saas.ui [1.28.1 201609300101]
	org.netbeans.modules.websvc.saas.services.zvents [1.27.1 201609300101]
	org.netbeans.modules.websvc.saas.services.zillow [1.27.1 201609300101]
	org.netbeans.modules.websvc.saas.services.weatherbug [1.27.1 201609300101]
	org.netbeans.modules.websvc.saas.services.strikeiron [1.28.1 201609300101]
	org.netbeans.modules.websvc.saas.services.google [1.28.1 201609300101]
	org.netbeans.modules.websvc.saas.services.flickr [1.28.1 201609300101]
	org.netbeans.modules.websvc.saas.services.delicious [1.27.1 201609300101]
	org.netbeans.modules.websvc.saas.services.amazon [1.28.1 201609300101]
	org.netbeans.core.multitabs/1 [1.12.1.1 1 201609300101]
	org.netbeans.modules.editor.bookmarks/1 [1.37.1 201609300101]
	org.netbeans.modules.editor.plain.lib/1 [1.33.1 201609300101]
	com.jcraft.jsch [0.1.54 0.1.54]
	org.netbeans.libs.jna/1 [1.44.1 201609300101]
	org.netbeans.modules.dlight.nativeexecution [1.39.26.1 1 201705191307]
	org.netbeans.lib.terminalemulator [1.37.9 201705191307]
	org.netbeans.modules.terminal.nb [1.0.1 201609300101]
	org.netbeans.modules.dlight.terminal [1.23.7.1 1 201705191307]
	org.netbeans.modules.tasklist.projectint/1 [1.29.1 201609300101]
	org.netbeans.modules.tasklist.todo/1 [1.31.1.1 1 201609300101]
	org.netbeans.modules.tasklist.ui/1 [1.31.1.1.1 1 201609300101]
	org.netbeans.modules.tasklist.kit [1.28.1 201609300101]
	org.netbeans.core.multitabs.project [1.10.1.1.1 1 201609300101]
	org.netbeans.modules.editor.search [1.25.1.0.56 0 201705191307]
	org.netbeans.modules.languages.diff [1.33.1 201609300101]
	org.apache.commons.logging [1.1.1 1.1.1]
	org.netbeans.modules.html.parser/1 [1.34.1.1 1 201609300101]
	org.netbeans.modules.html.validation/1 [1.30.1 201609300101]
	org.netbeans.modules.languages.manifest [1.32.1 201609300101]
	org.netbeans.modules.css.visual/3 [3.32.1 201609300101]
	org.netbeans.libs.bytelist/1 [0.28.1.1 1 201609300101]
	org.netbeans.libs.jvyamlb/1 [0.29.1 201609300101]
	org.netbeans.modules.languages.yaml [2.32.1 201609300101]
	org.netbeans.modules.image/1 [1.48.1 201609300101]
	org.netbeans.modules.editor.kit [1.32.1 201609300101]
	org.netbeans.modules.print [7.26.1 201609300101]
	org.netbeans.modules.autoupdate.cli [1.13.1 201609300101]
	org.netbeans.libs.osgi [1.21.1 201609300101]
	org.netbeans.libs.felix [2.15.1 201609300101]
	org.netbeans.modules.core.kit [1.30.1 201609300101]
	org.netbeans.modules.defaults/1 [1.31.1 201609300101]
	org.netbeans.modules.print.editor [7.26.1 201609300101]
	org.netbeans.modules.utilities/1 [1.61.1 201609300101]
	org.netbeans.modules.usersguide/1 [1.48.1 201609300101]
	org.netbeans.modules.editor.macros/0 [1.31.1.1.24 1 201705191307]
	org.netbeans.modules.editor.plain/2 [1.35.1 201609300101]
	org.netbeans.modules.ide.kit [1.33.1 201609300101]
	org.netbeans.modules.websvc.saas.kit [1.27.1 201609300101]
	org.netbeans.modules.websvc.saas.codegen.php [1.29.1 201609300101]
	org.netbeans.modules.websvc.saas.codegen.j2ee [1.28.1 201609300101]
	org.netbeans.modules.websvc.restlib/2 [2.11.1 201609300101]
	org.netbeans.modules.websvc.manager [1.31.1 201609300101]
	org.netbeans.modules.websvc.editor.hints [1.30.1 201609300101]
	org.netbeans.modules.websvc.metro.model [1.26.1 201609300101]
	org.netbeans.modules.j2ee.eclipselinkmodelgen/1 [1.32.1 201609300101]
	org.netbeans.modules.j2ee.jpa.refactoring [1.31.1 201609300101]
	org.netbeans.modules.j2ee.jpa.verification [1.35.1 201609300101]
	org.netbeans.libs.swingx/1 [1.27.1 201609300101]
	org.netbeans.modules.db.dataview [1.33.1 201609300101]
	org.netbeans.modules.db.core [1.37.1 201609300101]
	org.netbeans.modules.db.sql.editor [1.36.1.30 201609300101]
	org.netbeans.modules.db.drivers [1.30.1 201609300101]
	org.netbeans.modules.db.sql.visualeditor/1 [2.31.1.30 201609300101]
	org.netbeans.modules.db.mysql [0.28.1.2 2 201609300101]
	org.netbeans.modules.derby [1.40.1 201609300101]
	org.netbeans.modules.db.kit [1.30.1 201609300101]
	org.netbeans.modules.ant.debugger/1 [1.37.1.2 201609300101]
	org.netbeans.modules.ant.freeform/1 [1.46.1 201609300101]
	org.netbeans.modules.projectui.buildmenu/1 [1.26.1.1 1 201609300101]
	org.netbeans.modules.ant.kit [1.29.1 201609300101]
	org.netbeans.modules.debugger.jpda.ant [1.38.1 201609300101]
	org.netbeans.modules.java.j2seproject/1 [1.80.1.48 48 201609300101]
	org.netbeans.modules.javawebstart [1.33.1 201609300101]
	org.netbeans.modules.java.freeform/1 [1.43.1 201609300101]
	org.netbeans.modules.java.j2seembedded [1.9.1 201609300101]
	org.netbeans.modules.java.debug [1.38.1.1.25.2 1 201609300101]
	org.jdesktop.beansbinding/1 [1.27.1.121 121 201609300101]
	org.netbeans.modules.java.examples/1 [1.36.1 201609300101]
	org.netbeans.modules.java.hints.ui [1.18.1.1.13 1 201609300101]
	org.netbeans.modules.java.navigation/1 [1.39.1 201609300101]
	org.netbeans.modules.findbugs.installer [1.16.1 201609300101]
	org.netbeans.modules.java.hints.legacy.spi/1 [1.15.1.1.13 1 201609300101]
	org.netbeans.modules.java.hints/1 [1.82.2.16.25.12.1.1.32.2.1.13 16 201612141242]
	org.netbeans.modules.java.hints.declarative/1 [1.20.1.1.16.1.13 1 201609300101]
	org.netbeans.modules.java.j2seprofiles [1.8.1 201609300101]
	org.netbeans.modules.java.j2sedeploy [1.12.1 201609300101]
	org.netbeans.modules.java.j2seplatform/1 [1.41.1 201609300101]
	org.netbeans.modules.javadoc/1 [1.55.1.2.25 2 201609300101]
	org.netbeans.modules.nashorn.execution/1 [1.6.1 201609300101]
	org.netbeans.modules.beans/1 [1.51.1.1.12 1 201609300101]
	org.netbeans.modules.spellchecker.apimodule [1.25.1 201609300101]
	org.netbeans.modules.spellchecker.bindings.java/1 [1.30.1 201609300101]
	org.netbeans.modules.java.source.ant [1.31.1.1.2 1 201609300101]
	org.netbeans.modules.projectimport.eclipse.core/1 [2.30.1 201609300101]
	org.netbeans.modules.java.kit [1.35.1 201609300101]
	org.netbeans.modules.j2ee.persistence.kit [1.32.1 201609300101]
	org.netbeans.modules.web.webkit.debugging [1.53.1 201609300101]
	org.netbeans.modules.web.inspect [0.32.1 201609300101]
	org.netbeans.modules.web.beans/2 [2.21.1 201609300101]
	org.netbeans.modules.javaee.resources [1.13.1 201609300101]
	org.netbeans.modules.j2ee.ejbcore [1.53.1 201609300101]
	org.netbeans.modules.j2ee.ddloaders/1 [1.40.1.2 201609300101]
	org.netbeans.modules.glassfish.tooling/0 [1.9.1 201609300101]
	org.netbeans.modules.glassfish.common/0 [1.75.1 201609300101]
	org.netbeans.modules.j2ee.sun.dd/1 [1.36.1.1 1 201609300101]
	org.netbeans.modules.glassfish.eecommon/0 [1.40.1.1.1 1 201609300101]
	org.netbeans.modules.j2ee.sun.appsrv/1 [1.37.1.1 1 201609300101]
	org.netbeans.modules.j2ee.sun.ddui/1 [1.39.1.1.1 1 201609300101]
	org.netbeans.modules.glassfish.javaee/0 [1.44.1 201609300101]
	org.netbeans.modules.j2ee.genericserver [1.34.1 201609300101]
	org.netbeans.modules.javaee.api [1.23.1 201609300101]
	org.netbeans.modules.javascript.gulp [0.15.1 201609300101]
	org.netbeans.modules.javascript2.debug/1 [1.17.1 201609300101]
	org.netbeans.modules.javascript2.debug.ui/1 [1.3.1 201609300101]
	org.netbeans.modules.web.javascript.debugger [1.17.1 201609300101]
	org.netbeans.modules.javascript2.types/1 [1.2.1 201609300101]
	org.netbeans.libs.antlr4.runtime [1.1.1.1 1 201609300101]
	org.netbeans.modules.javascript2.json [1.5.1 201609300101]
	org.netbeans.modules.javascript2.lexer/1 [1.5.2 201612141242]
	org.netbeans.libs.nashorn/1 [1.27.1 201609300101]
	org.netbeans.modules.javascript2.doc/1 [1.0.1 201609300101]
	org.netbeans.modules.javascript2.model/1 [1.7.1 201612141242]
	org.netbeans.modules.javascript2.source.query/0 [0.1.2 201612141242]
	org.netbeans.modules.selenium2.server [1.3.1 201609300101]
	org.netbeans.modules.selenium2 [1.5.1 201609300101]
	org.netbeans.modules.selenium2.webclient [1.9.1 201609300101]
	org.netbeans.modules.web.clientproject [1.88.1 201609300101]
	org.netbeans.modules.web.client.samples [1.16.1 201609300101]
	org.netbeans.modules.javascript.cdnjs/0 [0.9.1 201609300101]
	org.netbeans.modules.web.webkit.tooling [1.12.1 201609300101]
	org.netbeans.modules.javascript.bower [0.7.1 201609300101]
	org.netbeans.modules.javascript.karma/0 [0.18.1 201609300101]
	org.netbeans.lib.v8debug/1 [1.18.1 201609300101]
	org.netbeans.modules.javascript.v8debug/1 [1.12.1.1 1 201609300101]
	org.netbeans.libs.commons_compress/0 [0.6.1.181 181 201609300101]
	org.netbeans.modules.javascript2.editor/1 [0.74.2 201612141242]
	org.netbeans.modules.javascript2.nodejs/0 [0.14.2 201612141242]
	org.netbeans.modules.javascript.nodejs/0 [0.31.2 201612141242]
	org.netbeans.modules.netserver [1.15.1 201609300101]
	org.netbeans.modules.extbrowser.chrome [1.12.1 201609300101]
	org.netbeans.modules.javascript.grunt [0.16.1 201609300101]
	org.netbeans.libs.jstestdriver [1.12.1 201609300101]
	org.netbeans.modules.javascript.jstestdriver [0.14.1 201609300101]
	org.netbeans.modules.web.client.kit [1.18.1 201609300101]
	org.netbeans.modules.web.monitor/1 [1.45.1 201609300101]
	org.netbeans.modules.weblogic.common [1.17.1 201609300101]
	org.netbeans.modules.j2ee.weblogic9/1 [1.44.1.1 1 201609300101]
	org.netbeans.modules.el.lexer/1 [1.30.1 201609300101]
	org.netbeans.modules.jsp.lexer/1 [1.28.1 201609300101]
	org.netbeans.modules.target.iterator/1 [1.24.1 201609300101]
	org.netbeans.modules.web.core/2 [2.35.1.45.2 45 201609300101]
	org.netbeans.libs.elimpl/1 [1.22.1.1 1 201609300101]
	org.netbeans.modules.web.el [1.54.1 201609300101]
	org.netbeans.modules.web.core.syntax/2 [2.46.1.2.12 2 201609300101]
	org.netbeans.modules.web.refactoring [1.29.1.45 201609300101]
	org.netbeans.modules.javaee.beanvalidation [1.22.1 201609300101]
	org.netbeans.modules.languages.apacheconf [1.18.1 201609300101]
	org.netbeans.modules.javaee.wildfly/1 [1.5.1 201609300101]
	org.netbeans.modules.websvc.rest/0 [1.31.1 201609300101]
	org.netbeans.modules.web.client.rest [1.17.1 201609300101]
	org.netbeans.modules.j2ee.ant [1.37.1.1 201609300101]
	org.netbeans.modules.websocket [1.9.1 201609300101]
	org.netbeans.modules.debugger.jpda.projects [1.37.2 201612141242]
	org.netbeans.modules.debugger.jpda.projectsui [1.2.2 201612141242]
	org.netbeans.modules.debugger.jpda/2 [1.99.2.80 80 201612141242]
	org.netbeans.modules.debugger.jpda.ui/1 [1.54.1 201609300101]
	org.netbeans.modules.web.debug/1 [2.39.1 201609300101]
	org.netbeans.modules.cloud.common [1.14.1 201609300101]
	org.netbeans.libs.amazon/1 [1.13.1 201609300101]
	org.netbeans.modules.cloud.amazon/0 [1.15.1 201609300101]
	org.netbeans.modules.j2ee.samples [1.31.1 201609300101]
	org.netbeans.modules.j2ee.jboss4/1 [1.40.1 201609300101]
	org.netbeans.modules.web.jsfapi/1 [1.37.1 201609300101]
	org.netbeans.modules.web.freeform [1.35.1 201609300101]
	org.netbeans.libs.jstl/1 [2.37.1.123 123 201609300101]
	org.netbeans.modules.tomcat5/1 [1.45.1 201609300101]
	org.netbeans.modules.web.kit [1.31.1 201609300101]
	org.netbeans.modules.websvc.metro.samples/1 [1.29.1 201609300101]
	org.netbeans.modules.websvc.customization [1.29.1.2 201609300101]
	org.netbeans.modules.websvc.owsm [1.16.1 201609300101]
	org.netbeans.modules.websvc.metro.lib/1 [1.30.1 201609300101]
	org.netbeans.modules.websvc.kit [1.29.1 201609300101]
	org.netbeans.modules.apisupport.restsample [1.21.1 201609300101]
	org.netbeans.modules.websvc.rest.samples/0 [1.26.1 201609300101]
	org.netbeans.modules.websvc.restkit/0 [1.27.1 201609300101]
	org.netbeans.libs.commons_fileupload/1 [1.28.1 201609300101]
	org.netbeans.modules.web.struts/1 [1.36.1.1 1 201609300101]
	org.netbeans.modules.web.jsf/1 [1.72.1.2 2 201609300101]
	org.netbeans.modules.web.jsf.navigation/1 [2.29.1 201609300101]
	org.netbeans.modules.web.jsf20/1 [1.35.1.1 1 201609300101]
	org.netbeans.modules.web.jsf.editor [1.54.1 201609300101]
	org.netbeans.modules.web.jsf12/1 [1.27.1.12 12 201609300101]
	org.netbeans.modules.web.jsf12ri/1 [1.27.1.12 12 201609300101]
	org.netbeans.modules.web.jsf.kit [1.30.1 201609300101]
	org.netbeans.modules.web.primefaces [1.75.1 201609300101]
	org.netbeans.modules.web.jsf.richfaces [1.31.1 201609300101]
	org.netbeans.modules.web.jsf.icefaces [1.19.1 201609300101]
	org.netbeans.modules.versioning.core/1 [1.30.2.1.42 1 201612141242]
	org.netbeans.modules.versioning/1 [1.47.1.1 1 201609300101]
	org.netbeans.modules.versioning.util [1.69.2.42.1 201612141242]
	org.netbeans.modules.team.commons [1.50.1 201609300101]
	org.netbeans.modules.versioning.ui/1 [1.22.1.42.1 201609300101]
	org.netbeans.modules.versioning.system.cvss.installer [1.16.1 201609300101]
	org.netbeans.modules.masterfs.ui [2.3.1.2 201609300101]
	org.netbeans.modules.versioning.masterfs [1.14.1 201609300101]
	org.netbeans.modules.versioning.indexingbridge/0 [1.25.1 201609300101]
	org.netbeans.modules.utilities.project/1 [1.38.1 201609300101]
	org.netbeans.modules.updatecenters/1 [1.40.1 201609300101]
	org.netbeans.lib.uihandler [1.45.1 201609300101]
	org.netbeans.modules.uihandler [2.35.1 201609300101]
	org.netbeans.modules.uihandler.exceptionreporter [1.29.1 201609300101]
	org.netbeans.modules.java.testrunner.ui [1.4.1 201609300101]
	org.netbeans.libs.testng/1 [1.14.1 201609300101]
	org.netbeans.modules.testng [2.20.1 201609300101]
	org.netbeans.modules.testng.ui [1.8.1 201609300101]
	org.netbeans.modules.maven.embedder/2 [2.52.1 201609300101]
	org.netbeans.modules.maven.indexer/2 [2.38.1 201609300101]
	org.apache.commons.codec [1.3.0 1.3.0]
	org.netbeans.modules.maven.model/1 [1.42.1 201609300101]
	org.netbeans.modules.swing.validation/2 [1.32.1 201609300101]
	org.netbeans.modules.maven.indexer.ui/2 [2.34.1 201609300101]
	org.netbeans.modules.maven/2 [2.121.1 201609300101]
	org.netbeans.modules.testng.maven [2.16.1 201609300101]
	org.netbeans.modules.java.testrunner.ant [1.2.1 201609300101]
	org.netbeans.modules.testng.ant [2.15.1 201609300101]
	org.netbeans.modules.templates/1 [1.7.1 201609300101]
	org.netbeans.modules.team.ide [1.13.1 201609300101]
	org.netbeans.modules.remotefs.versioning.api [1.3.8.1 1 201705191307]
	org.netbeans.libs.ini4j/1 [1.34.1 201609300101]
	org.netbeans.modules.dlight.libs.common [1.36.7.1 1 201705191307]
	org.netbeans.modules.dlight.remote [1.29.12.1 1 201705191307]
	org.netbeans.modules.subversion.remote [1.2.5.42.1 201705191307]
	org.netbeans.libs.svnClientAdapter/1 [1.40.1 201609300101]
	org.netbeans.modules.subversion [1.41.1.42.1 201609300101]
	org.netbeans.libs.cglib/1 [1.26.1 201609300101]
	org.netbeans.libs.springframework/1 [1.37.1 201609300101]
	org.netbeans.modules.spring.beans/0 [1.39.1.1 1 201609300101]
	org.netbeans.modules.spring.webmvc [1.39.1 201609300101]
	org.netbeans.modules.spellchecker [1.35.1.1.7 1 201609300101]
	org.netbeans.modules.spellchecker.kit [1.25.1 201609300101]
	org.netbeans.modules.spellchecker.dictionary_en [1.22.1 201609300101]
	org.netbeans.modules.properties.syntax/1 [1.50.1 201609300101]
	org.netbeans.modules.spellchecker.bindings.properties [1.22.1 201609300101]
	org.netbeans.modules.php.api.phpmodule [2.58.1 201609300101]
	org.netbeans.libs.javacup/1 [1.26.1.11 11 201609300101]
	org.netbeans.modules.php.api.templates/0 [0.11.1 201609300101]
	org.netbeans.modules.languages.neon [1.24.1 201609300101]
	org.netbeans.modules.php.api.annotation/0 [0.20.1 201609300101]
	org.netbeans.modules.php.api.editor/0 [0.28.1 201609300101]
	org.netbeans.modules.php.api.executable/0 [0.32.1 201609300101]
	org.netbeans.modules.php.api.framework/0 [0.27.1 201609300101]
	org.netbeans.modules.php.api.documentation/0 [0.15.1 201609300101]
	org.netbeans.libs.jna.platform/1 [1.14.1 201609300101]
	org.netbeans.libs.jsch.agentproxy/1 [0.14.1 201609300101]
	org.netbeans.libs.commons_net/2 [2.21.1.33 33 201609300101]
	org.netbeans.modules.php.api.testing/0 [0.21.1 201609300101]
	org.netbeans.modules.php.project [2.138.1 201609300101]
	org.netbeans.modules.php.editor [1.71.2.2 2 201612141242]
	org.netbeans.insane/1 [1.29.1.1 1 201609300101]
	org.netbeans.modules.nbjunit/1 [1.87.1 201609300101]
	org.netbeans.modules.spellchecker.bindings.php [0.1.2 201612141242]
	org.netbeans.modules.spellchecker.bindings.htmlxml [1.27.1 201609300101]
	org.netbeans.modules.selenium2.webclient.protractor [1.5.1 201609300101]
	org.netbeans.modules.selenium2.webclient.mocha [1.8.1 201609300101]
	org.netbeans.modules.selenium2.php [1.2.1 201609300101]
	org.netbeans.modules.selenium2.java [1.2.1 201609300101]
	org.netbeans.modules.selenium2.maven [1.2.1 201609300101]
	org.netbeans.modules.dlight.remote.ui [1.1.4 201705191307]
	org.netbeans.modules.dlight.remote.impl [1.27.19.1 1 201705191307]
	org.netbeans.modules.remotefs.versioning [1.14.12.1 1 201705191307]
	org.netbeans.modules.projectimport.eclipse.web [1.27.1.1 201609300101]
	org.netbeans.modules.projectimport.eclipse.j2se [1.28.1.48 201609300101]
	org.netbeans.modules.projectapi.nb [1.3.1 201609300101]
	org.netbeans.modules.project.spi.intern.impl [1.3.1 201609300101]
	org.netbeans.modules.progress.ui [1.33.1 201609300101]
	org.netbeans.modules.profiler.utilities/1 [1.37.1 201609300101]
	org.netbeans.lib.profiler/1 [1.99.2 201612141242]
	org.netbeans.lib.profiler.charts/1 [1.30.1 201609300101]
	org.netbeans.lib.profiler.common/1 [1.46.1 201609300101]
	org.netbeans.modules.profiler.api/1 [1.46.1 201609300101]
	org.netbeans.lib.profiler.ui/1 [1.128.1 201609300101]
	org.netbeans.modules.profiler.attach/2 [2.21.1 201609300101]
	org.netbeans.modules.profiler/3 [3.27.1 201609300101]
	org.netbeans.modules.profiler.snaptracer/1 [1.23.1 201609300101]
	org.netbeans.modules.profiler.projectsupport [1.33.1 201609300101]
	org.netbeans.modules.profiler.ppoints [1.24.1 201609300101]
	org.netbeans.modules.profiler.oql/2 [2.16.1 201609300101]
	org.netbeans.modules.profiler.oql.language/0 [0.28.1 201609300101]
	org.netbeans.modules.profiler.options [1.19.1 201609300101]
	org.netbeans.modules.profiler.nbimpl/1 [1.25.1 201609300101]
	org.netbeans.modules.profiler.nbmodule/1 [1.35.1 201609300101]
	org.netbeans.modules.profiler.heapwalker [1.106.2 201612141242]
	org.netbeans.modules.profiler.kit [1.19.1 201609300101]
	org.netbeans.modules.profiler.j2se/1 [1.36.1 201609300101]
	org.netbeans.modules.profiler.j2ee/1 [1.37.1 201609300101]
	org.netbeans.modules.profiler.freeform/1 [1.35.1 201609300101]
	org.netbeans.modules.php.code.analysis [0.15.1 201609300101]
	org.netbeans.modules.php.phpdoc.documentation [0.21.1 201609300101]
	org.netbeans.modules.php.samples [1.30.1 201609300101]
	org.netbeans.modules.php.refactoring [1.33.1 201609300101]
	org.netbeans.modules.php.dbgp [1.42.1 201609300101]
	org.netbeans.modules.php.kit [1.63.1 201609300101]
	org.netbeans.modules.php.composer/0 [0.32.1 201609300101]
	org.netbeans.modules.php.zend2 [0.18.1 201609300101]
	org.netbeans.modules.languages.ini [1.27.1 201609300101]
	org.netbeans.modules.php.zend [1.34.1 201609300101]
	org.netbeans.modules.php.twig/1 [1.26.1 201609300101]
	org.netbeans.modules.php.symfony2/1 [1.29.1 201609300101]
	org.netbeans.modules.php.symfony [1.46.1 201609300101]
	org.netbeans.modules.php.smarty [1.88.1 201609300101]
	org.netbeans.modules.php.phpunit/0 [0.26.2 201612141242]
	org.netbeans.modules.php.phpdoc [1.23.1 201609300101]
	org.netbeans.modules.php.phing [0.12.1 201609300101]
	org.netbeans.modules.php.nette2/1 [1.11.1 201609300101]
	org.netbeans.modules.php.nette.tester [0.16.1 201609300101]
	org.netbeans.modules.php.latte/1 [1.18.1 201609300101]
	org.netbeans.modules.php.doctrine2 [1.28.2 201612141242]
	org.netbeans.modules.php.codeception [0.6.1 201609300101]
	org.netbeans.modules.php.atoum [0.18.1 201609300101]
	org.netbeans.modules.php.apigen [1.29.1 201609300101]
	org.netbeans.modules.parsing.ui [1.14.1.1 201609300101]
	org.netbeans.modules.parsing.nb [1.3.1.8.1 201609300101]
	org.netbeans.modules.notifications [1.8.1 201609300101]
	org.netbeans.core.netigso [1.31.1 201609300101]
	org.netbeans.modules.netbinox [1.41.1 201609300101]
	org.eclipse.mylyn.commons.net [3.17.0 3.17.0.v20150706-2057]
	org.eclipse.mylyn.tasks.core [3.17.0 3.17.0.v20150828-2026]
	org.eclipse.core.jobs [3.5.101 3.5.101.v20120113-1953]
	org.eclipse.mylyn.wikitext.core [2.6.0 2.6.0.v20150901-2143]
	org.netbeans.modules.bugtracking [1.109.1 201609300101]
	org.eclipse.equinox.common [3.6.0 3.6.0.v20110523]
	org.eclipse.core.runtime [3.7.0 3.7.0.v20110110]
	org.netbeans.modules.mylyn.util [1.35.1 201609300101]
	org.netbeans.modules.mobility.project.ant [1.26.1 201609300101]
	org.netbeans.modules.mobility.licensing [1.28.1 201609300101]
	org.netbeans.api.mobility [8.27.1 201609300101]
	org.netbeans.modules.mobility.cldcplatform [1.31.1 201609300101]
	org.netbeans.modules.j2me.keystore [1.9.1 201609300101]
	org.netbeans.modules.mobility.databindingme/2 [1.20.1 201609300101]
	org.netbeans.modules.j2me.common.ant [1.7.1 201609300101]
	org.netbeans.modules.j2me.kit [1.5.1 201609300101]
	org.netbeans.modules.j2me.project [1.10.1 201609300101]
	org.netbeans.modules.mobility.end2end [1.31.1 201609300101]
	org.netbeans.modules.mobility.jsr172 [1.31.1 201609300101]
	org.netbeans.modules.mercurial.remote [1.2.8.42.1 201705191307]
	org.netbeans.modules.mercurial [1.42.1.42.1 201609300101]
	org.netbeans.modules.maven.spring/1 [1.29.1 201609300101]
	org.netbeans.modules.maven.coverage [1.23.1 201609300101]
	org.netbeans.modules.maven.repository/1 [1.42.1 201609300101]
	org.netbeans.modules.maven.graph/1 [1.32.1 201609300101]
	org.netbeans.modules.maven.grammar/1 [1.47.1.1 201609300101]
	org.netbeans.modules.maven.osgi/1 [1.35.1 201609300101]
	org.netbeans.modules.maven.refactoring [1.20.1 201609300101]
	org.netbeans.modules.maven.checkstyle [1.17.1 201609300101]
	org.netbeans.modules.maven.kit/1 [4.31.1 201609300101]
	org.netbeans.modules.maven.search [1.32.1 201609300101]
	org.netbeans.modules.maven.samples/1 [1.26.1 201609300101]
	org.netbeans.modules.maven.profiler/1 [1.32.1 201609300101]
	org.netbeans.modules.maven.persistence/1 [1.29.1 201609300101]
	org.netbeans.modules.junit.ui [1.4.1 201609300101]
	org.netbeans.modules.maven.junit.ui [1.4.1 201609300101]
	org.netbeans.modules.maven.junit/1 [1.33.1 201609300101]
	org.netbeans.modules.maven.jaxws [1.31.1 201609300101]
	org.netbeans.modules.maven.j2ee/1 [1.63.1 201609300101]
	org.netbeans.modules.maven.hints/1 [1.40.1 201609300101]
	org.netbeans.modules.groovy.support [1.41.1 201609300101]
	org.netbeans.modules.maven.groovy [1.14.1 201609300101]
	org.netbeans.libs.freemarker/1 [2.34.1.238 238 201609300101]
	org.netbeans.modules.apisupport.project/1 [1.76.1 201609300101]
	org.netbeans.modules.maven.apisupport/1 [1.59.1 201609300101]
	org.netbeans.modules.masterfs.nio2 [1.15.1 201609300101]
	org.netbeans.modules.masterfs.linux [1.13.1 201609300101]
	org.netbeans.modules.bugtracking.commons [1.8.1 201609300101]
	org.netbeans.modules.localtasks [1.25.1 201609300101]
	org.netbeans.modules.localhistory [1.34.1 201609300101]
	org.netbeans.modules.libs.groovy [1.7.1 201609300101]
	org.netbeans.modules.lexer.nbbridge/1 [1.32.1.1 201609300101]
	org.netbeans.modules.ko4j.debugging [1.4.1 201609300101]
	org.netbeans.modules.keyring.fallback [1.8.1 201609300101]
	org.netbeans.modules.keyring.impl [1.24.1 201609300101]
	org.netbeans.modules.junit.ant.ui [1.5.1 201609300101]
	org.netbeans.modules.junit.ant [1.3.1 201609300101]
	org.netbeans.modules.javascript2.sdoc [1.0.2 201612141242]
	org.netbeans.modules.javascript2.requirejs [0.9.2 201612141242]
	org.netbeans.modules.javascript2.react [0.1.1 201609300101]
	org.netbeans.modules.javascript2.prototypejs [0.7.2 201612141242]
	org.netbeans.modules.javascript2.knockout [1.12.2 201612141242]
	org.netbeans.modules.javascript2.jsdoc [1.0.1 201609300101]
	org.netbeans.modules.javascript2.extjs [1.11.1 201609300101]
	org.netbeans.modules.javascript2.jquery [1.11.2 201612141242]
	org.netbeans.modules.javascript2.extdoc [1.0.2 201612141242]
	org.netbeans.modules.javascript2.jade/1 [0.8.2 201612141242]
	org.netbeans.modules.javascript2.kit/1 [0.15.1 201609300101]
	org.netbeans.modules.javascript.v8debug.ui/1 [1.1.1.1 201609300101]
	org.netbeans.modules.javafx2.platform [1.26.1 201609300101]
	org.netbeans.modules.javafx2.project [1.30.1 201609300101]
	org.netbeans.modules.javafx2.editor [1.21.1.12.2 201609300101]
	org.netbeans.modules.javafx2.scenebuilder [1.17.1 201609300101]
	org.netbeans.modules.javafx2.samples [1.17.1 201609300101]
	org.netbeans.modules.debugger.jpda.visual/1 [1.17.1 201609300101]
	org.netbeans.modules.debugger.jpda.js/1 [1.10.1 201609300101]
	org.netbeans.modules.debugger.jpda.jsui/1 [1.0.1 201609300101]
	org.netbeans.modules.debugger.jpda.kit [1.15.1 201609300101]
	org.netbeans.modules.java.guards/0 [0.31.1 201609300101]
	org.netbeans.modules.java.source.queries [1.18.1 201609300101]
	org.netbeans.modules.form/2 [1.57.1.4 4 201609300101]
	org.jdesktop.layout/1 [1.33.1 201609300101]
	org.netbeans.modules.form.nb/0 [0.18.1.1.4 1 201609300101]
	org.netbeans.modules.form.binding/0 [0.17.1.1.4.1 1 201609300101]
	org.netbeans.modules.i18n.form/2 [1.50.1.4.1 201609300101]
	org.netbeans.modules.form.refactoring/0 [0.17.1.1.4.1 1 201609300101]
	org.netbeans.modules.form.kit [1.28.1 201609300101]
	org.netbeans.modules.javafx2.kit [1.17.1 201609300101]
	org.netbeans.modules.javaee7.api [1.7.1 201609300101]
	org.netbeans.modules.java.source.queriesimpl [1.17.1 201609300101]
	org.netbeans.modules.java.metrics [1.8.1 201609300101]
	org.netbeans.modules.j2ee.platform/1 [1.33.1 201609300101]
	org.netbeans.modules.j2ee.ejbverification [1.34.1 201609300101]
	org.netbeans.modules.j2ee.ejbrefactoring [1.28.1 201609300101]
	org.netbeans.modules.j2ee.clientproject [1.49.1.1 1 201609300101]
	org.netbeans.modules.j2ee.ejbjarproject [1.56.1 201609300101]
	org.netbeans.modules.j2ee.earproject [1.54.1 201609300101]
	org.netbeans.modules.j2ee.kit [1.27.1 201609300101]
	org.netbeans.modules.ide.ergonomics [1.29.1 201609300101]
	org.netbeans.modules.autoupdate.pluginimporter [1.20.1 201609300101]
	org.netbeans.modules.deadlock.detector [1.6.1 201609300101]
	org.netbeans.modules.ide.branding/1 [1.32.1 201609300101]
	org.netbeans.modules.ide.branding.kit [1.28.1 201609300101]
	org.netbeans.modules.hudson [2.13.1 201609300101]
	org.netbeans.modules.hudson.ui [1.11.1 201609300101]
	org.netbeans.modules.hudson.tasklist [1.17.1 201609300101]
	org.netbeans.modules.hudson.subversion [1.29.1 201609300101]
	org.netbeans.modules.hudson.php [1.20.1 201609300101]
	org.netbeans.modules.hudson.mercurial [1.29.1 201609300101]
	org.netbeans.modules.hudson.maven [1.29.1 201609300101]
	org.netbeans.modules.hudson.git [1.18.1 201609300101]
	org.netbeans.modules.hudson.ant [1.27.1 201609300101]
	org.netbeans.api.knockout [1.3.1 201609300101]
	org.netbeans.modules.html.knockout [1.12.1 201609300101]
	org.netbeans.modules.html.ojet [0.10.1 201609300101]
	org.netbeans.modules.html.custom [1.6.1 201609300101]
	org.netbeans.core.browser/1 [1.28.1.1 1 201609300101]
	org.netbeans.modules.html.angular [1.14.1 201609300101]
	org.netbeans.modules.hibernate4lib/1 [1.7.1.238 201609300101]
	org.netbeans.modules.hibernate/1 [1.33.1.1 1 201609300101]
	org.netbeans.modules.hibernateweb [1.26.1 201609300101]
	org.netbeans.modules.groovy.samples [1.26.1 201609300101]
	org.netbeans.modules.groovy.editor/2 [1.65.1 201609300101]
	org.netbeans.modules.groovy.refactoring [1.34.1 201609300101]
	org.netbeans.modules.groovy.grails [1.45.1 201609300101]
	org.netbeans.modules.groovy.gsp [1.36.1 201609300101]
	org.netbeans.modules.groovy.grailsproject [1.46.1 201609300101]
	org.netbeans.modules.groovy.antproject [1.12.1 201609300101]
	org.netbeans.modules.groovy.kit [1.34.1 201609300101]
	org.netbeans.modules.git.remote.cli [1.2.11.1 1 201705191307]
	org.netbeans.modules.git.remote [1.2.11.1.1 1 201705191307]
	org.eclipse.jgit [3.6.2 3.6.2.201501210735-r]
	org.netbeans.libs.git/1 [1.33.1 201609300101]
	org.netbeans.modules.git [1.22.1.1 201609300101]
	org.netbeans.modules.form.j2ee/0 [0.33.1.1.4.1 1 201609300101]
	org.apache.commons.io [1.4 1.4]
	org.netbeans.modules.extexecution.process [1.27.1 201609300101]
	org.netbeans.modules.extexecution.impl [1.25.1 201609300101]
	org.netbeans.modules.editor.mimelookup.impl/1 [1.32.1 201609300101]
	org.netbeans.modules.editor.global.format/1 [1.15.1.1 1 201609300101]
	org.netbeans.modules.docker.api/0 [1.20.2 201705191307]
	org.netbeans.modules.docker.ui/0 [1.0.2 201705191307]
	org.netbeans.modules.docker.editor/0 [1.0.1 201609300101]
	org.netbeans.modules.dlight.sendto [1.3.6.1 1 201705191307]
	org.netbeans.modules.dlight.nativeexecution.nb [1.0.3 201705191307]
	org.netbeans.modules.dlight.kit [1.25.4.1 1 201705191307]
	org.netbeans.modules.debugger.jpda.heapwalk/1 [1.31.1 201609300101]
	org.netbeans.modules.css.prep [1.30.1 201609300101]
	org.netbeans.libs.plist [1.7.1 201609300101]
	org.netbeans.modules.cordova.platforms [1.38.1 201609300101]
	org.netbeans.modules.cordova.platforms.ios [1.28.1 201609300101]
	org.netbeans.modules.cordova.platforms.android [1.28.1 201609300101]
	org.netbeans.modules.cordova [1.35.1 201609300101]
	org.netbeans.modules.cnd.utils [1.53.8.2 2 201705191307]
	org.netbeans.modules.cnd.utils.ui [1.5.5 201705191307]
	org.netbeans.modules.cnd.api.remote/1 [1.29.5.1 1 201705191307]
	org.netbeans.modules.cnd.lexer/1 [1.34.6.1 1 201705191307]
	org.netbeans.modules.cnd.dwarfdump [1.36.4.1 1 201705191307]
	org.netbeans.modules.cnd.api.project/1 [1.36.13.1 1 201705191307]
	org.netbeans.modules.cnd.toolchain [1.34.19.1 1 201705191307]
	org.netbeans.modules.cnd.source [1.23.11.1 1 201705191307]
	org.netbeans.modules.cnd/1 [1.41.7.1 1 201705191307]
	org.netbeans.modules.cnd.ui [1.3.6 201705191307]
	org.netbeans.modules.cnd.api.remote.ui [1.1.5 201705191307]
	org.netbeans.modules.cnd.toolchain.ui [1.0.8 201705191307]
	org.netbeans.modules.cnd.makeproject/2 [2.58.25.1 1 201705191307]
	org.netbeans.modules.cnd.api.model/1 [1.36.14.1 1 201705191307]
	org.netbeans.modules.cnd.modelutil/1 [1.35.11.1 1 201705191307]
	org.netbeans.modules.cnd.testrunner [1.25.4.1 1 201705191307]
	org.netbeans.modules.cnd.script [1.23.10.1 1 201705191307]
	org.netbeans.modules.cnd.spellchecker.bindings/1 [1.30.5.1 1 201705191307]
	org.netbeans.modules.cnd.model.services/1 [1.47.13.1 1 201705191307]
	org.netbeans.modules.cnd.simpleunit [1.22.8.1 1 201705191307]
	org.netbeans.modules.cnd.search [1.16.3 201705191307]
	org.netbeans.modules.cnd.repository.api/1 [1.32.5.1 1 201705191307]
	org.netbeans.modules.cnd.repository [1.31.7.1 1 201705191307]
	org.netbeans.modules.cnd.makeproject.ui [1.0.17 201705191307]
	org.netbeans.modules.cnd.remote [1.28.22.1 1 201705191307]
	org.netbeans.modules.cnd.remote.ui [1.0.6 201705191307]
	org.netbeans.modules.cnd.discovery [1.47.24.1 1 201705191307]
	org.netbeans.modules.cnd.remote.projectui [1.16.11.1 1 201705191307]
	org.netbeans.modules.cnd.editor/1 [1.31.12.1 1 201705191307]
	org.netbeans.modules.cnd.refactoring/1 [1.30.13.1 1 201705191307]
	org.netbeans.modules.cnd.qnavigator/1 [1.32.5.1 1 201705191307]
	org.netbeans.modules.cnd.callgraph [1.33.4.1 1 201705191307]
	org.netbeans.modules.cnd.navigation [1.36.11.1 1 201705191307]
	org.netbeans.modules.cnd.indexing [1.13.4.1 1 201705191307]
	org.netbeans.modules.cnd.antlr [2.37.4.1 1 201705191307]
	org.netbeans.libs.clank/1 [0.4.14.1 1 201705191307]
	org.netbeans.modules.cnd.apt [1.44.10.1 1 201705191307]
	org.netbeans.modules.cnd.modelimpl/1 [1.53.18.1 1 201705191307]
	org.netbeans.modules.cnd.analysis.api [1.8.3 201705191307]
	org.netbeans.modules.cnd.highlight [1.33.9.1.1 1 201705191307]
	org.netbeans.modules.cnd.modelui [1.34.9.1 1 201705191307]
	org.netbeans.modules.cnd.modeldiscovery [1.32.6.1 1 201705191307]
	org.netbeans.modules.cnd.model.jclank.bridge/1 [0.5.8 201705191307]
	org.netbeans.modules.cnd.debugger.common2/3 [3.30.27 201705191307]
	org.netbeans.modules.cnd.mixeddev [1.4.19 201705191307]
	org.netbeans.modules.cnd.makeproject.source.bridge [1.26.8.1 1 201705191307]
	org.netbeans.modules.cnd.gotodeclaration [1.32.8.1 1 201705191307]
	org.netbeans.modules.cnd.completion/1 [1.35.10.1 1 201705191307]
	org.netbeans.modules.cnd.dwarfdiscovery [1.33.14.1 1 201705191307]
	org.netbeans.modules.cnd.classview/1 [1.31.5.1 1 201705191307]
	org.netbeans.modules.cnd.asm/1 [1.30.5.2 2 201705191307]
	org.netbeans.modules.cnd.analysis.impl [1.3.3 201705191307]
	org.netbeans.modules.cnd.cncppunit [1.24.9.1 1 201705191307]
	org.netbeans.modules.cnd.debugger.gdb2/1 [1.24.12.1 1 201705191307]
	org.netbeans.modules.cnd.kit [1.30.6.1 1 201705191307]
	org.eclipse.mylyn.bugzilla.core [3.17.0 3.17.0.v20150828-2026]
	org.apache.commons.httpclient [3.1.0 3.1.0]
	org.netbeans.modules.bugzilla [1.77.1 201609300101]
	org.netbeans.modules.bugzilla.exceptionreporter [1.24.1 201609300101]
	org.netbeans.modules.bugtracking.bridge [1.45.1 201609300101]
	org.netbeans.modules.apisupport.wizards [1.20.1 201609300101]
	org.netbeans.modules.apisupport.refactoring [1.37.1 201609300101]
	org.netbeans.modules.apisupport.ant [2.72.1 201609300101]
	org.netbeans.modules.apisupport.paintapp [1.31.1 201609300101]
	org.netbeans.modules.apisupport.osgidemo [1.23.1 201609300101]
	org.netbeans.libs.nbi.ant [1.22.1 201609300101]
	org.netbeans.libs.nbi.engine [1.21.1 201609300101]
	org.netbeans.modules.apisupport.installer [1.23.1 201609300101]
	org.netbeans.modules.apisupport.feedreader/1 [1.34.1 201609300101]
	org.netbeans.modules.apisupport.harness [1.42.1 201609300101]
	org.netbeans.modules.apisupport.crudsample [1.23.1 201609300101]
	org.netbeans.modules.apisupport.kit [1.30.1 201609300101]
	org.netbeans.modules.apisupport.installer.maven [1.22.1 201609300101]
	org.netbeans.modules.ant.grammar/1 [1.44.1 201609300101]
	org.netbeans.libs.svnClientAdapter.svnkit/1 [1.24.1 201609300101]
	org.netbeans.libs.svnClientAdapter.javahl/1 [1.24.1 201609300101]
	org.netbeans.libs.javafx [2.7.1 201609300101]
	org.netbeans.core.network [1.10.1 201609300101]
	org.netbeans.core.nativeaccess/1 [1.31.1 201609300101]
	org.netbeans.core.io.ui/1 [1.30.1 201609300101]
	org.netbeans.core.browser.webview/1 [1.15.1.1.1 1 201609300101]
	org.eclipse.mylyn.commons.xmlrpc [3.17.0 3.17.0.v20150625-2042]
	org.eclipse.mylyn.commons.repositories.core [1.9.0 1.9.0.v20150625-2042]
	org.eclipse.mylyn.commons.core [3.17.0 3.17.0.v20150625-2042]
	org.eclipse.equinox.security [1.1.1 1.1.1.R37x_v20110822-1018]
	org.eclipse.equinox.registry [3.5.200 3.5.200.v20120522-1841]
	org.eclipse.equinox.preferences [3.4.2 3.4.2.v20120111-2020]
	org.eclipse.equinox.app [1.3.100 1.3.100.v20110321]
	org.eclipse.core.runtime.compatibility.auth [3.2.200 3.2.200.v20110110]
	org.eclipse.core.net [1.2.100 1.2.100.I20110511-0800]
	org.eclipse.core.contenttype [3.4.100 3.4.100.v20110423-0524]
	org.apache.xmlrpc [3.0.0 3.0.0]
	org.apache.ws.commons.util [1.0.1 1.0.1]
	org.apache.commons.lang [2.6 2.6]
	com.jcraft.jzlib [1.0.7 1.0.7]
	com.googlecode.javaewah.JavaEWAH [0.7.9 0.7.9]
	com.google.guava [15.0.0 15.0.0]
INFO [org.netbeans.core.netigso.Netigso]: bundle org.eclipse.osgi@3.9.1.v20140110-1610 started
INFO [org.netbeans.core.network.proxy.NetworkProxyReloader]: System network proxy resolver: Gnome
INFO [org.netbeans.core.network.proxy.gnome.GsettingsNetworkProxy]: GSettings system proxy resolver: direct connection
INFO [org.netbeans.core.network.proxy.NetworkProxyReloader]: System network proxy reloading succeeded.
INFO [org.netbeans.core.network.proxy.NetworkProxyReloader]: System network proxy - mode: direct
INFO [org.netbeans.core.network.proxy.NetworkProxyReloader]: System network proxy: fell to default (correct if direct mode went before)
WARNING [org.netbeans.modules.editor.settings.storage.keybindings.KeyMapsStorage]: Duplicate shortcut 'D-I' definition; rebound from 'format' to 'reindent-line' in (Editors/Keybindings/Eclipse/Defaults/org-netbeans-modules-defaults-keybindings.xml).
WARNING [org.netbeans.modules.editor.settings.storage.keybindings.KeyMapsStorage]: Duplicate shortcut 'D-BACK_SLASH' definition; rebound from 'completion-show' to 'toggle-comment' in (Editors/Keybindings/Eclipse/Defaults/org-netbeans-modules-defaults-keybindings.xml).
WARNING [org.netbeans.modules.editor.settings.storage.keybindings.KeyMapsStorage]: Duplicate shortcut 'D-EQUALS' definition; rebound from 'expand-fold' to 'zoom-text-in' in (Editors/Keybindings/Eclipse/Defaults/org-netbeans-modules-defaults-keybindings.xml).
INFO [org.netbeans.core.windows.persistence]: [PersistenceManager.getTopComponentForID] Problem when deserializing TopComponent for tcID:'MultiView-header961F443Ct#002Ehistory#007C_13'. Reason:  Object not found: /home/n40-disk/work/NetBeansProjects/LinuxApp/3-learn/error_functions.h@76fa567:1c053b74[invalid]. It was probably deleted.

msg
msg
msg
msg
Caused: org.openide.filesystems.FileStateInvalidException: /home/n40-disk/work/NetBeansProjects/LinuxApp/3-learn/error_functions.h@76fa567:1c053b74[invalid]
	at org.openide.loaders.DataObject.find(DataObject.java:612)
Caused: org.openide.loaders.DataObjectNotFoundException: /home/n40-disk/work/NetBeansProjects/LinuxApp/3-learn/error_functions.h@76fa567:1c053b74[invalid]
	at org.openide.loaders.DataObject.find(DataObject.java:635)
	at org.openide.loaders.DataObject$Replace.readObject(DataObject.java:1271)
	at sun.reflect.NativeMethodAccessorImpl.invoke0(Native Method)
	at sun.reflect.NativeMethodAccessorImpl.invoke(NativeMethodAccessorImpl.java:62)
	at sun.reflect.DelegatingMethodAccessorImpl.invoke(DelegatingMethodAccessorImpl.java:43)
	at java.lang.reflect.Method.invoke(Method.java:498)
	at java.io.ObjectStreamClass.invokeReadObject(ObjectStreamClass.java:1158)
	at java.io.ObjectInputStream.readSerialData(ObjectInputStream.java:2173)
	at java.io.ObjectInputStream.readOrdinaryObject(ObjectInputStream.java:2064)
	at java.io.ObjectInputStream.readObject0(ObjectInputStream.java:1568)
	at java.io.ObjectInputStream.defaultReadFields(ObjectInputStream.java:2282)
	at java.io.ObjectInputStream.defaultReadObject(ObjectInputStream.java:558)
	at org.openide.loaders.OpenSupport$Env.readObject(OpenSupport.java:169)
	at sun.reflect.NativeMethodAccessorImpl.invoke0(Native Method)
	at sun.reflect.NativeMethodAccessorImpl.invoke(NativeMethodAccessorImpl.java:62)
	at sun.reflect.DelegatingMethodAccessorImpl.invoke(DelegatingMethodAccessorImpl.java:43)
	at java.lang.reflect.Method.invoke(Method.java:498)
	at java.io.ObjectStreamClass.invokeReadObject(ObjectStreamClass.java:1158)
	at java.io.ObjectInputStream.readSerialData(ObjectInputStream.java:2173)
	at java.io.ObjectInputStream.readOrdinaryObject(ObjectInputStream.java:2064)
	at java.io.ObjectInputStream.readObject0(ObjectInputStream.java:1568)
	at java.io.ObjectInputStream.defaultReadFields(ObjectInputStream.java:2282)
	at java.io.ObjectInputStream.readSerialData(ObjectInputStream.java:2206)
	at java.io.ObjectInputStream.readOrdinaryObject(ObjectInputStream.java:2064)
	at java.io.ObjectInputStream.readObject0(ObjectInputStream.java:1568)
	at java.io.ObjectInputStream.readObject(ObjectInputStream.java:428)
	at org.openide.windows.CloneableTopComponent.readExternal(CloneableTopComponent.java:254)
	at org.netbeans.core.multiview.MultiViewCloneableTopComponent.readExternal(MultiViewCloneableTopComponent.java:275)
	at org.openide.windows.TopComponent$Replacer.readObject(TopComponent.java:1859)
	at sun.reflect.NativeMethodAccessorImpl.invoke0(Native Method)
	at sun.reflect.NativeMethodAccessorImpl.invoke(NativeMethodAccessorImpl.java:62)
	at sun.reflect.DelegatingMethodAccessorImpl.invoke(DelegatingMethodAccessorImpl.java:43)
	at java.lang.reflect.Method.invoke(Method.java:498)
	at java.io.ObjectStreamClass.invokeReadObject(ObjectStreamClass.java:1158)
	at java.io.ObjectInputStream.readSerialData(ObjectInputStream.java:2173)
	at java.io.ObjectInputStream.readOrdinaryObject(ObjectInputStream.java:2064)
	at java.io.ObjectInputStream.readObject0(ObjectInputStream.java:1568)
	at java.io.ObjectInputStream.readObject(ObjectInputStream.java:428)
	at org.netbeans.modules.settings.convertors.XMLSettingsSupport$SettingsRecognizer.readSerial(XMLSettingsSupport.java:571)
	at org.netbeans.modules.settings.convertors.XMLSettingsSupport$SettingsRecognizer.instanceCreate(XMLSettingsSupport.java:603)
	at org.netbeans.modules.settings.convertors.SerialDataConvertor$SettingsInstance.instanceCreate(SerialDataConvertor.java:426)
[catch] at org.netbeans.core.windows.persistence.PersistenceManager.getTopComponentPersistentForID(PersistenceManager.java:571)
	at org.netbeans.core.windows.persistence.PersistenceManager.getTopComponentForID(PersistenceManager.java:681)
	at org.netbeans.core.windows.PersistenceHandler.getTopComponentForID(PersistenceHandler.java:478)
	at org.netbeans.core.windows.LazyLoader.lazyLoad(LazyLoader.java:138)
	at org.netbeans.core.windows.PersistenceHandler.initModeFromConfig(PersistenceHandler.java:441)
	at org.netbeans.core.windows.PersistenceHandler.load(PersistenceHandler.java:204)
	at org.netbeans.core.windows.WindowSystemImpl.load(WindowSystemImpl.java:81)
	at org.netbeans.core.GuiRunLevel$InitWinSys.run(GuiRunLevel.java:229)
	at java.awt.event.InvocationEvent.dispatch(InvocationEvent.java:311)
	at java.awt.EventQueue.dispatchEventImpl(EventQueue.java:756)
	at java.awt.EventQueue.access$500(EventQueue.java:97)
	at java.awt.EventQueue$3.run(EventQueue.java:709)
	at java.awt.EventQueue$3.run(EventQueue.java:703)
	at java.security.AccessController.doPrivileged(Native Method)
	at java.security.ProtectionDomain$JavaSecurityAccessImpl.doIntersectionPrivilege(ProtectionDomain.java:80)
	at java.awt.EventQueue.dispatchEvent(EventQueue.java:726)
	at org.netbeans.core.TimableEventQueue.dispatchEvent(TimableEventQueue.java:159)
	at java.awt.EventDispatchThread.pumpOneEventForFilters(EventDispatchThread.java:201)
	at java.awt.EventDispatchThread.pumpEventsForFilter(EventDispatchThread.java:116)
	at java.awt.EventDispatchThread.pumpEventsForHierarchy(EventDispatchThread.java:105)
	at java.awt.EventDispatchThread.pumpEvents(EventDispatchThread.java:101)
	at java.awt.EventDispatchThread.pumpEvents(EventDispatchThread.java:93)
	at java.awt.EventDispatchThread.run(EventDispatchThread.java:82)
ALL [null]: 文件/home/n40-disk/work/NetBeansProjects/LinuxApp/3-learn/error_functions.h似乎不再有效!
Content: 
<?xml version="1.0"?>
<!DOCTYPE settings PUBLIC "-//NetBeans//DTD Session settings 1.0//EN" "http://www.netbeans.org/dtds/sessionsettings-1_0.dtd">
<settings version="1.0">
    <module name="org.netbeans.core.multiview/1" spec="1.44.1"/>
    <instanceof class="java.awt.Component"/>
    <instanceof class="java.awt.Container"/>
    <instanceof class="java.awt.MenuContainer"/>
    <instanceof class="java.awt.image.ImageObserver"/>
    <instanceof class="java.io.Externalizable"/>
    <instanceof class="java.io.Serializable"/>
    <instanceof class="java.lang.Object"/>
    <instanceof class="javax.accessibility.Accessible"/>
    <instanceof class="javax.swing.JComponent"/>
    <instanceof class="javax.swing.TransferHandler$HasGetTransferHandler"/>
    <instanceof class="org.netbeans.core.multiview.MultiViewCloneableTopComponent"/>
    <instanceof class="org.netbeans.core.multiview.MultiViewModel$ActionRequestObserverFactory"/>
    <instanceof class="org.netbeans.core.multiview.Splitable"/>
    <instanceof class="org.openide.text.CloneableEditorSupport$Pane"/>
    <instanceof class="org.openide.util.HelpCtx$Provider"/>
    <instanceof class="org.openide.util.Lookup$Provider"/>
    <instanceof class="org.openide.windows.CloneableTopComponent"/>
    <instanceof class="org.openide.windows.TopComponent"/>
    <instanceof class="org.openide.windows.TopComponent$Cloneable"/>
    <serialdata class="org.netbeans.core.multiview.MultiViewCloneableTopComponent">
        ACED0005737200296F72672E6F70656E6964652E77696E646F77732E546F70436F6D706F6E656E74245265706C6163657284
        874494BDDF6D64030000787074003A6F72672E6E65746265616E732E636F72652E6D756C7469766965772E4D756C74695669
        6577436C6F6E6561626C65546F70436F6D706F6E656E747372000F6A6176612E6C616E672E53686F7274684D37133460DA52
        02000153000576616C7565787200106A6176612E6C616E672E4E756D62657286AC951D0B94E08B0200007870000177040000
        00017400116572726F725F66756E6374696F6E732E687400472F686F6D652F6E34302D6469736B2F776F726B2F4E65744265
        616E7350726F6A656374732F4C696E75784170702F332D6C6561726E2F6572726F725F66756E6374696F6E732E6874001165
        72726F725F66756E6374696F6E732E6870737200316F72672E6F70656E6964652E77696E646F77732E436C6F6E6561626C65
        4F70656E537570706F7274244C697374656E6572E525E314060C682D0200014C0003656E7674002E4C6F72672F6F70656E69
        64652F77696E646F77732F436C6F6E6561626C654F70656E537570706F727424456E763B7872002D6F72672E6F70656E6964
        652E77696E646F77732E436C6F6E6561626C65546F70436F6D706F6E656E74245265664CED3888AC524ABC02000078707372
        003C6F72672E6E65746265616E732E6D6F64756C65732E636E642E736F757263652E437070456469746F72537570706F7274
        24456E7669726F6E6D656E742A206A6DBFFCE52A020000787200266F72672E6F70656E6964652E746578742E446174614564
        69746F72537570706F727424456E76D720E894A9D2FA27020000787200236F72672E6F70656E6964652E6C6F61646572732E
        4F70656E537570706F727424456E76E525E314060C682D0200014C00036F626A7400204C6F72672F6F70656E6964652F6C6F
        61646572732F446174614F626A6563743B7870737200266F72672E6F70656E6964652E6C6F61646572732E446174614F626A
        656374245265706C616365F7497413DEEC538E0200014C0002666F7400244C6F72672F6F70656E6964652F66696C65737973
        74656D732F46696C654F626A6563743B78707372004D6F72672E6E65746265616E732E6D6F64756C65732E6D617374657266
        732E66696C65626173656466732E66696C656F626A656374732E5265706C616365466F7253657269616C697A6174696F6E98
        978CE6D3E9619F0200014C000C6162736F6C757465506174687400124C6A6176612F6C616E672F537472696E673B78707400
        472F686F6D652F6E34302D6469736B2F776F726B2F4E65744265616E7350726F6A656374732F4C696E75784170702F332D6C
        6561726E2F6572726F725F66756E6374696F6E732E68740008746578742F782D6871007E001474000D6865616465722E736F
        757263657372003B6F72672E6E65746265616E732E636F72652E7370692E6D756C7469766965772E746578742E4D756C7469
        56696577456469746F72456C656D656E74000187D8CEF94C9B0200014C0006656469746F7274003F4C6F72672F6E65746265
        616E732F636F72652F7370692F6D756C7469766965772F746578742F4D756C746956696577436C6F6E6561626C6545646974
        6F723B78707371007E000074003D6F72672E6E65746265616E732E636F72652E7370692E6D756C7469766965772E74657874
        2E4D756C746956696577436C6F6E6561626C65456469746F727371007E0003000177040000000071007E000671007E000771
        007E0008707371007E000B71007E0011737200116A6176612E6C616E672E496E746567657212E2A0A4F78187380200014900
        0576616C75657871007E0004000001147701007871007E001A74000C746578742E686973746F727971007E00247371007E00
        22000000007371007E0022000000007371007E0022FFFFFFFF7400173C68746D6C3E6572726F725F66756E6374696F6E732E
        6878
    </serialdata>
</settings>
ALL [null]: Source: MultiFileObject@5f6de466[Windows2Local/Components/MultiView-header961F443Ct#002Ehistory#007C_13.settings]
ALL [null]: Cannot read class: org.netbeans.core.multiview.MultiViewCloneableTopComponent
INFO [org.netbeans.modules.cnd.utils.cache.CndFileUtils]: C/C++ File Utils: using case-sensitive file system
WARNING [org.netbeans.TopSecurityManager]: use of system property netbeans.user has been obsoleted in favor of InstalledFileLocator/Places at org.netbeans.modules.nativeexecution.support.hostinfo.impl.HostInfoFactory.getNBKey(HostInfoFactory.java:417)
INFO [org.netbeans.modules.parsing.impl.indexing.RepositoryUpdater]: Resolving dependencies took: 13 ms
INFO [org.netbeans.modules.parsing.impl.indexing.RepositoryUpdater]: Complete indexing of 0 binary roots took: 1 ms
INFO [org.netbeans.modules.parsing.impl.indexing.RepositoryUpdater]: Complete indexing of 0 source roots took: 0 ms (New or modified files: 0, Deleted files: 0) [Adding listeners took: 0 ms]
Configuration updated:
	0 deleted items
	10 added items
	0 changed items
INFO [org.netbeans.modules.cnd.api.project.NativeProjectRegistry]: Open native project LinuxApp /home/n40-disk/work/NetBeansProjects/LinuxApp
Diagnostic information
Input arguments:
	-Djdk.home=/home/n40-disk/tool/jdk1.8.0_152
	-Dnetbeans.default_userdir_root=/home/suhen/.netbeans
	-Dnetbeans.running.environment=gnome
	-Dnetbeans.dirs=/home/n40-disk/opt/netbeans-8.2/nb:/home/n40-disk/opt/netbeans-8.2/ergonomics:/home/n40-disk/opt/netbeans-8.2/ide:/home/n40-disk/opt/netbeans-8.2/extide:/home/n40-disk/opt/netbeans-8.2/java:/home/n40-disk/opt/netbeans-8.2/apisupport:/home/n40-disk/opt/netbeans-8.2/webcommon:/home/n40-disk/opt/netbeans-8.2/websvccommon:/home/n40-disk/opt/netbeans-8.2/enterprise:/home/n40-disk/opt/netbeans-8.2/mobility:/home/n40-disk/opt/netbeans-8.2/profiler:/home/n40-disk/opt/netbeans-8.2/python:/home/n40-disk/opt/netbeans-8.2/php:/home/n40-disk/opt/netbeans-8.2/identity:/home/n40-disk/opt/netbeans-8.2/harness:/home/n40-disk/opt/netbeans-8.2/cnd:/home/n40-disk/opt/netbeans-8.2/cndext:/home/n40-disk/opt/netbeans-8.2/dlight:/home/n40-disk/opt/netbeans-8.2/groovy:/home/n40-disk/opt/netbeans-8.2/extra:/home/n40-disk/opt/netbeans-8.2/javacard:/home/n40-disk/opt/netbeans-8.2/javafx:
	-Dnetbeans.home=/home/n40-disk/opt/netbeans-8.2/platform
	-Dnetbeans.importclass=org.netbeans.upgrade.AutoUpgrade
	-Dnetbeans.accept_license_class=org.netbeans.license.AcceptLicense
	-Xmx1024m
	-Xss2m
	-Xms32m
	-Dapple.laf.useScreenMenuBar=true
	-Dapple.awt.graphics.UseQuartz=true
	-Dsun.java2d.noddraw=true
	-Dsun.java2d.dpiaware=true
	-Dsun.zip.disableMemoryMapping=true
	-Dswing.aatext=true
	-Dawt.useSystemAAFontSettings=lcd
	-Dfile.encoding=UTF-8
	-DaddExports:java.desktop/sun.awt=ALL-UNNAMED
	-DaddExports:java.base/jdk.internal.jrtfs=ALL-UNNAMED
	-DaddExports:java.desktop/java.awt.peer=ALL-UNNAMED
	-DaddExports:java.desktop/com.sun.beans.editors=ALL-UNNAMED
	-DaddExports:java.desktop/sun.awt.im=ALL-UNNAMED
	-DaddExports:java.desktop/com.sun.java.swing.plaf.gtk=ALL-UNNAMED
	-DaddExports:java.management/sun.management=ALL-UNNAMED
	-XX:+HeapDumpOnOutOfMemoryError
	-XX:HeapDumpPath=/home/n40-disk/.netbeans/8.2/var/log/heapdump.hprof
Compiler: HotSpot 64-Bit Tiered Compilers
Heap memory usage: initial 32.0MB maximum 910.5MB
Non heap memory usage: initial 2.4MB maximum -1b
Garbage collector: PS Scavenge (Collections=16 Total time spent=0s)
Garbage collector: PS MarkSweep (Collections=4 Total time spent=0s)
Classes: loaded=9636 total loaded=9636 unloaded 0
INFO [org.netbeans.core.ui.warmup.DiagnosticTask]: Total memory 8,294,141,952
INFO [org.netbeans.modules.parsing.impl.indexing.RepositoryUpdater]: Resolving dependencies took: 7 ms
INFO [org.netbeans.modules.parsing.impl.indexing.RepositoryUpdater]: Complete indexing of 0 binary roots took: 0 ms
INFO [org.netbeans.modules.parsing.impl.indexing.RepositoryUpdater]: Indexing of: /home/n40-disk/work/NetBeansProjects/LinuxApp took: 2,878 ms (New or modified files: 0, Deleted files: 0) [Adding listeners took: 2 ms]
INFO [org.netbeans.modules.parsing.impl.indexing.RepositoryUpdater]: Complete indexing of 1 source roots took: 2,878 ms (New or modified files: 0, Deleted files: 0) [Adding listeners took: 2 ms]
INFO [org.netbeans.modules.autoupdate.updateprovider.AutoupdateCatalogParser]: Unpaired license 00000008 without any module.
INFO [org.netbeans.modules.parsing.impl.TaskProcessor]: Task: org.netbeans.modules.cnd.qnavigator.navigator.NavigatorNodeFactoryTask@3d6c395f : class org.netbeans.modules.cnd.qnavigator.navigator.NavigatorNodeFactoryTask ignored cancel for 72 ms.
INFO [org.netbeans.modules.bugtracking.BugtrackingManager]: Loading stored repositories took 251 millis.
INFO [org.netbeans.modules.cnd.editor.cos.COSRedirectorImpl]: inode file Changed org.netbeans.modules.cnd.source.HDataObject@25b91f8d[/home/n40-disk/work/NetBeansProjects/LinuxApp/lib/tlpi_hdr.h@6eabf01e:342162ac] Key{fs=0, dev=0, inode=27275959}->Key{fs=0, dev=0, inode=27275959}
WARNING [org.openide.util.WeakListenerImpl]: Can't remove java.beans.PropertyChangeListener using method org.netbeans.modules.editor.NbEditorDocument.removePropertyChangeListener from org.netbeans.modules.editor.NbEditorDocument@45e680d0, mimeType='text/x-h', kitClass=null, length=886, version=1, file=org.netbeans.modules.cnd.source.HDataObject@146470ea[/home/n40-disk/work/NetBeansProjects/LinuxApp/lib/get_num.h@4758c35b:4cb6f357]
WARNING [org.openide.util.WeakListenerImpl]: Can't remove java.beans.PropertyChangeListener using method org.netbeans.modules.editor.NbEditorDocument.removePropertyChangeListener from org.netbeans.modules.editor.NbEditorDocument@7849bab4, mimeType='text/x-h', kitClass=null, length=42100, version=1, file=org.netbeans.modules.cnd.source.HDataObject@8f1cf86[/usr/include/unistd.h@37901e2f:35e3c9b0]
WARNING [org.openide.util.WeakListenerImpl]: Can't remove java.beans.PropertyChangeListener using method org.netbeans.modules.editor.NbEditorDocument.removePropertyChangeListener from org.netbeans.modules.editor.NbEditorDocument@4dc62ca4, mimeType='text/x-h', kitClass=null, length=6687, version=1, file=org.netbeans.modules.cnd.source.HDataObject@13108060[/usr/include/x86_64-linux-gnu/sys/types.h@eb6a8433:4641400b]
WARNING [org.openide.util.WeakListenerImpl]: Can't remove java.beans.PropertyChangeListener using method org.netbeans.modules.editor.NbEditorDocument.removePropertyChangeListener from org.netbeans.modules.editor.NbEditorDocument@577c906, mimeType='text/x-h', kitClass=null, length=1103, version=1, file=org.netbeans.modules.cnd.source.HDataObject@53da92bc[/home/n40-disk/work/NetBeansProjects/LinuxApp/lib/error_functions.h@90633c80:158c4c45]
WARNING [org.openide.util.WeakListenerImpl]: Can't remove java.beans.PropertyChangeListener using method org.netbeans.modules.editor.NbEditorDocument.removePropertyChangeListener from org.netbeans.modules.editor.NbEditorDocument@403c3876, mimeType='text/x-c', kitClass=null, length=548, version=1, file=org.netbeans.modules.cnd.source.CDataObject@a10d813[/home/n40-disk/work/NetBeansProjects/LinuxApp/3-learn/glibc-test.c@3c3a1d06:262e883d]
WARNING [org.openide.util.WeakListenerImpl]: Can't remove java.beans.PropertyChangeListener using method org.netbeans.modules.editor.NbEditorDocument.removePropertyChangeListener from org.netbeans.modules.editor.NbEditorDocument@495d215d, mimeType='text/x-h', kitClass=null, length=885, version=1, file=org.netbeans.modules.cnd.source.HDataObject@3750cc30[/home/n40-disk/work/NetBeansProjects/LinuxApp/3-learn/glibc-test.h@3c3a1d0d:295b462c]
WARNING [org.openide.util.WeakListenerImpl]: Can't remove java.beans.PropertyChangeListener using method org.netbeans.modules.editor.NbEditorDocument.removePropertyChangeListener from org.netbeans.modules.editor.NbEditorDocument@452937d4, mimeType='text/x-h', kitClass=null, length=1103, version=1, file=org.netbeans.modules.cnd.source.HDataObject@53da92bc[/home/n40-disk/work/NetBeansProjects/LinuxApp/lib/error_functions.h@90633c80:158c4c45]
WARNING [org.openide.util.WeakListenerImpl]: Can't remove java.beans.PropertyChangeListener using method org.netbeans.modules.editor.NbEditorDocument.removePropertyChangeListener from org.netbeans.modules.editor.NbEditorDocument@7d3a895b, mimeType='text/x-h', kitClass=null, length=1971, version=100, file=org.netbeans.modules.cnd.source.HDataObject@25b91f8d[/home/n40-disk/work/NetBeansProjects/LinuxApp/lib/tlpi_hdr.h@6eabf01e:342162ac]
WARNING [org.openide.util.WeakListenerImpl]: Can't remove java.beans.PropertyChangeListener using method org.netbeans.modules.editor.NbEditorDocument.removePropertyChangeListener from org.netbeans.modules.editor.NbEditorDocument@4bb4a997, mimeType='text/x-h', kitClass=null, length=1103, version=1, file=org.netbeans.modules.cnd.source.HDataObject@53da92bc[/home/n40-disk/work/NetBeansProjects/LinuxApp/lib/error_functions.h@90633c80:158c4c45]
WARNING [org.openide.util.WeakListenerImpl]: Can't remove java.beans.PropertyChangeListener using method org.netbeans.modules.editor.NbEditorDocument.removePropertyChangeListener from org.netbeans.modules.editor.NbEditorDocument@a4c081, mimeType='text/x-h', kitClass=null, length=4075, version=1, file=org.netbeans.modules.cnd.source.HDataObject@570db901[/usr/lib/gcc/x86_64-linux-gnu/5/include/stdarg.h@9c03f5a3:2b93e9ba]
INFO [org.netbeans.modules.php.editor.parser.GSFPHPParser]: Parsing of big PHP files enabled: false (max size: 5,000,000)
log4j:WARN No appenders could be found for logger (nu.validator.source.LocationRecorder).
log4j:WARN Please initialize the log4j system properly.
INFO [org.netbeans.core.windows.view.ui.TabbedHandler]: TopComponent has no icon: MVCTC[name=, peer=[model=current=org.netbeans.core.spi.multiview.MultiViewFactory$MapMVD@4f3be84d]]
INFO [org.netbeans.modules.parsing.impl.indexing.RepositoryUpdater]: Resolving dependencies took: 41 ms
INFO [org.netbeans.modules.parsing.impl.indexing.RepositoryUpdater]: Complete indexing of 0 binary roots took: 0 ms
INFO [org.netbeans.modules.parsing.impl.indexing.RepositoryUpdater]: Indexing of: /home/n40-disk/opt/netbeans-8.2/webcommon/jsstubs/reststubs.zip took: 271 ms (New or modified files: 0, Deleted files: 0) [Adding listeners took: 0 ms]
INFO [org.openide.loaders.DataObject]
java.lang.IllegalStateException: The data object /home/n40-disk/work/NetBeansProjects/LinuxApp/lib/ename.c.inc@61488099:45b03be8 is invalid; you may not call getNodeDelegate on it any more; see #17020 and please fix your code.
this=org.netbeans.modules.cnd.source.FortranDataObject@435e9209[/home/n40-disk/work/NetBeansProjects/LinuxApp/lib/ename.c.inc@61488099:45b03be8] id=1130271241 primaryFileId=1169177576 valid=true
pool=org.netbeans.modules.csl.core.GsfDataObject@ab26104[/home/n40-disk/work/NetBeansProjects/LinuxApp/lib/ename.c.inc@61488099:45b03be8] id=179462404 primaryFileId=1169177576 valid=true
[catch] at org.openide.loaders.DataObject.getNodeDelegate(DataObject.java:339)
	at org.netbeans.modules.project.ui.ProjectUtilities$3.run(ProjectUtilities.java:310)
	at java.awt.event.InvocationEvent.dispatch(InvocationEvent.java:311)
	at java.awt.EventQueue.dispatchEventImpl(EventQueue.java:756)
	at java.awt.EventQueue.access$500(EventQueue.java:97)
	at java.awt.EventQueue$3.run(EventQueue.java:709)
	at java.awt.EventQueue$3.run(EventQueue.java:703)
	at java.security.AccessController.doPrivileged(Native Method)
	at java.security.ProtectionDomain$JavaSecurityAccessImpl.doIntersectionPrivilege(ProtectionDomain.java:80)
	at java.awt.EventQueue.dispatchEvent(EventQueue.java:726)
	at org.netbeans.core.TimableEventQueue.dispatchEvent(TimableEventQueue.java:159)
	at java.awt.EventDispatchThread.pumpOneEventForFilters(EventDispatchThread.java:201)
	at java.awt.EventDispatchThread.pumpEventsForFilter(EventDispatchThread.java:116)
	at java.awt.EventDispatchThread.pumpEventsForHierarchy(EventDispatchThread.java:105)
	at java.awt.EventDispatchThread.pumpEvents(EventDispatchThread.java:101)
	at java.awt.EventDispatchThread.pumpEvents(EventDispatchThread.java:93)
	at java.awt.EventDispatchThread.run(EventDispatchThread.java:82)
INFO [org.netbeans.modules.parsing.impl.indexing.RepositoryUpdater]: Indexing of: /home/n40-disk/opt/netbeans-8.2/webcommon/jsstubs/domstubs.zip took: 241 ms (New or modified files: 0, Deleted files: 0) [Adding listeners took: 0 ms]
INFO [org.netbeans.modules.parsing.impl.indexing.RepositoryUpdater]: Indexing of: /home/n40-disk/opt/netbeans-8.2/webcommon/jsstubs/corestubs.zip took: 94 ms (New or modified files: 0, Deleted files: 0) [Adding listeners took: 0 ms]
INFO [org.netbeans.modules.parsing.impl.indexing.RepositoryUpdater]: Complete indexing of 3 source roots took: 606 ms (New or modified files: 0, Deleted files: 0) [Adding listeners took: 0 ms]
INFO [org.netbeans.modules.parsing.impl.TaskProcessor]: Task: org.netbeans.modules.csl.navigation.BreadCrumbsTask@49dfdd5d : class org.netbeans.modules.csl.navigation.BreadCrumbsTask ignored cancel for 155 ms.
INFO [org.netbeans.modules.parsing.impl.TaskProcessor]: Task: org.netbeans.modules.csl.hints.GsfHintsProvider@1de165d6 : class org.netbeans.modules.csl.hints.GsfHintsProvider ignored cancel for 112 ms.
INFO [org.netbeans.modules.cnd.editor.cos.COSRedirectorImpl]: inode file Changed org.netbeans.modules.csl.core.GsfDataObject@ab26104[/home/n40-disk/work/NetBeansProjects/LinuxApp/lib/ename.c.inc@61488099:45b03be8] Key{fs=0, dev=0, inode=27275963}->Key{fs=0, dev=0, inode=27275963}
WARNING [org.openide.util.WeakListenerImpl]: Can't remove java.beans.PropertyChangeListener using method org.netbeans.modules.csl.core.GsfDocument.removePropertyChangeListener from org.netbeans.modules.csl.core.GsfDocument@7496802f, mimeType='text/x-php5', kitClass=null, length=2221, version=33, file=org.netbeans.modules.csl.core.GsfDataObject@ab26104[/home/n40-disk/work/NetBeansProjects/LinuxApp/lib/ename.c.inc@61488099:45b03be8]
WARNING [org.openide.util.WeakListenerImpl]: Can't remove java.beans.PropertyChangeListener using method org.netbeans.modules.csl.core.GsfDocument.removePropertyChangeListener from org.netbeans.modules.csl.core.GsfDocument@7a5ef650, mimeType='text/x-php5', kitClass=null, length=2221, version=1, file=org.netbeans.modules.csl.core.GsfDataObject@ab26104[/home/n40-disk/work/NetBeansProjects/LinuxApp/lib/ename.c.inc@61488099:45b03be8]
/home/n40-disk/work/NetBeansProjects/LinuxApp/lib/error_functions.c, line 12: #ifdef without closing #endif
SEVERE [null]: Last record repeated again.
/home/n40-disk/work/NetBeansProjects/LinuxApp/lib/error_functions.c, line 12: #ifdef  without closing #endif
SEVERE [null]: Last record repeated again.
INFO [org.netbeans.modules.parsing.impl.TaskProcessor]: Task: MarkOccurrencesHighlighter runner : class org.netbeans.modules.cnd.highlight.semantic.MarkOccurrencesHighlighter ignored cancel for 113 ms.
/home/n40-disk/work/NetBeansProjects/LinuxApp/lib/error_functions.c, line 12: #ifdef  without closing #endif
SEVERE [null]: Last record repeated 2 more times.
SEVERE [null]: Last record repeated 6 more times.
SEVERE [null]: Last record repeated more than 10 times, further logs of this record are ignored until the log record changes.
SEVERE [null]: Last record repeated 36 times in total.
INFO [org.netbeans.modules.cnd.editor.cos.COSRedirectorImpl]: inode file Changed org.netbeans.modules.cnd.source.CDataObject@d5c3fb8[/home/n40-disk/work/NetBeansProjects/LinuxApp/lib/error_functions.c@90633c9d:b1b97ee] Key{fs=0, dev=0, inode=27275958}->Key{fs=0, dev=0, inode=27275958}
WARNING [org.openide.util.WeakListenerImpl]: Can't remove java.beans.PropertyChangeListener using method org.netbeans.modules.csl.core.GsfDocument.removePropertyChangeListener from org.netbeans.modules.csl.core.GsfDocument@1c6192ed, mimeType='text/x-php5', kitClass=null, length=2221, version=1, file=org.netbeans.modules.csl.core.GsfDataObject@ab26104[/home/n40-disk/work/NetBeansProjects/LinuxApp/lib/ename.c.inc@61488099:45b03be8]
INFO [org.netbeans.modules.cnd.editor.cos.COSRedirectorImpl]: inode file Changed org.netbeans.modules.cnd.source.CDataObject@d5c3fb8[/home/n40-disk/work/NetBeansProjects/LinuxApp/lib/error_functions.c@90633c9d:b1b97ee] Key{fs=0, dev=0, inode=27275958}->Key{fs=0, dev=0, inode=27275958}
INFO [null]: Last record repeated again.
INFO [null]: Last record repeated again.
INFO [null]: Last record repeated again.
INFO [null]: Last record repeated again.
INFO [null]: Last record repeated again.
INFO [null]: Last record repeated again.
INFO [null]: Last record repeated again.
INFO [null]: Last record repeated again.
INFO [null]: Last record repeated again.
INFO [null]: Last record repeated more than 10 times, further logs of this record are ignored until the log record changes.
INFO [null]: Last record repeated 11 times in total.
INCORRECT #define directive: in error_functions.c for:
	TOKEN{["#define",<DEFINE>,line=43,col=1],offset=1340,file=null} MACRO{["<<DUMMY>>",<<0>>,line=-1,col=-1],offset=-1,file=null}{NO BODY}
SEVERE [null]: Last record repeated again.
INCORRECT #define directive: in error_functions.c for:
	TOKEN{["#define ",<DEFINE>,line=43,col=1],offset=1340,file=null} MACRO{["<<DUMMY>>",<<0>>,line=-1,col=-1],offset=-1,file=null}{NO BODY}
INFO [org.netbeans.modules.cnd.editor.cos.COSRedirectorImpl]: inode file Changed org.netbeans.modules.cnd.source.CDataObject@d5c3fb8[/home/n40-disk/work/NetBeansProjects/LinuxApp/lib/error_functions.c@90633c9d:b1b97ee] Key{fs=0, dev=0, inode=27275958}->Key{fs=0, dev=0, inode=27275958}
INFO [null]: Last record repeated again.
INFO [null]: Last record repeated again.
INFO [org.netbeans.modules.cnd.editor.cos.COSRedirectorImpl]: inode file Changed org.netbeans.modules.csl.core.GsfDataObject@ab26104[/home/n40-disk/work/NetBeansProjects/LinuxApp/lib/ename.c.inc@61488099:45b03be8] Key{fs=0, dev=0, inode=27275963}->Key{fs=0, dev=0, inode=27275963}
INFO [null]: Last record repeated 3 more times.
INFO [org.netbeans.modules.cnd.editor.cos.COSRedirectorImpl]: inode file Changed org.netbeans.modules.cnd.source.HDataObject@31cc5706[/home/n40-disk/work/NetBeansProjects/LinuxApp/lib/ename.c.h@efc8d583:38d6a06e] Key{fs=0, dev=0, inode=27275964}->Key{fs=0, dev=0, inode=27275964}
INFO [org.netbeans.modules.cnd.editor.cos.COSRedirectorImpl]: inode file Changed org.netbeans.modules.cnd.source.CDataObject@d5c3fb8[/home/n40-disk/work/NetBeansProjects/LinuxApp/lib/error_functions.c@90633c9d:b1b97ee] Key{fs=0, dev=0, inode=27275958}->Key{fs=0, dev=0, inode=27275958}
INFO [null]: Last record repeated again.
WARNING [org.openide.util.WeakListenerImpl]: Can't remove java.beans.PropertyChangeListener using method org.netbeans.modules.editor.NbEditorDocument.removePropertyChangeListener from org.netbeans.modules.editor.NbEditorDocument@13a54eb, mimeType='text/x-c', kitClass=null, length=1963, version=1101, file=org.netbeans.modules.cnd.source.CDataObject@d5c3fb8[/home/n40-disk/work/NetBeansProjects/LinuxApp/lib/error_functions.c@90633c9d:b1b97ee]
WARNING [null]: Last record repeated again.
